   3  Sigma        1.05241e-01   7.87880e-03   1.20219e-05  -5.87783e-04
 FCN=23.4231 FROM MIGRAD    STATUS=CONVERGED      80 CALLS          81 TOTAL
                     EDM=8.03599e-08    STRATEGY= 1      ERROR MATRIX ACCURATE 
  EXT PARAMETER                                   STEP         FIRST   
  NO.   NAME      VALUE            ERROR          SIZE      DERIVATIVE 
   1  Constant     1.11529e+01   6.69800e-01   1.61534e-03  -3.13023e-04
   2  Mean         1.01076e+00   6.74476e-03   1.50599e-05   3.55741e-02
   3  Sigma        1.01930e-01   5.88545e-03   4.15871e-05  -8.78281e-03
 FCN=21.0353 FROM MIGRAD    STATUS=CONVERGED      82 CALLS          83 TOTAL
                     EDM=3.37963e-10    STRATEGY= 1      ERROR MATRIX ACCURATE 
  EXT PARAMETER                                   STEP         FIRST   
  NO.   NAME      VALUE            ERROR          SIZE      DERIVATIVE 
   1  Constant     1.52880e+01   7.84979e-01   1.79766e-03  -1.18174e-05
   2  Mean         1.01248e+00   5.92749e-03   1.29831e-05   3.08482e-03
   3  Sigma        1.07979e-01   5.57499e-03   3.73697e-05  -6.56442e-04
 FCN=25.5178 FROM MIGRAD    STATUS=CONVERGED      84 CALLS          85 TOTAL
                     EDM=8.54266e-10    STRATEGY= 1      ERROR MATRIX ACCURATE 
  EXT PARAMETER                                   STEP         FIRST   
  NO.   NAME      VALUE            ERROR          SIZE      DERIVATIVE 
   1  Constant     1.90398e+01   8.73223e-01   2.19550e-03   4.30957e-05
   2  Mean         1.01099e+00   5.11502e-03   1.20974e-05   3.46994e-03
   3  Sigma        1.04244e-01   4.32531e-03   3.20908e-05   1.23196e-04
 FCN=14.1165 FROM MIGRAD    STATUS=CONVERGED      74 CALLS          75 TOTAL
                     EDM=2.19592e-08    STRATEGY= 1      ERROR MATRIX ACCURATE 
  EXT PARAMETER                                   STEP         FIRST   
  NO.   NAME      VALUE            ERROR          SIZE      DERIVATIVE 
   1  Constant     2.35055e+01   9.70352e-01   1.84200e-03  -9.66563e-05
   2  Mean         1.00939e+00   4.56331e-03   8.34690e-06   6.93089e-03
   3  Sigma        1.05728e-01   3.63063e-03   2.06816e-05  -1.55013e-02
 FCN=11.4961 FROM MIGRAD    STATUS=CONVERGED      78 CALLS          79 TOTAL
                     EDM=4.89402e-09    STRATEGY= 1      ERROR MATRIX ACCURATE 
  EXT PARAMETER                                   STEP         FIRST   
  NO.   NAME      VALUE            ERROR          SIZE      DERIVATIVE 
   1  Constant     2.76206e+01   1.05198e+00   1.81561e-03   1.40431e-05
   2  Mean         1.01013e+00   4.26777e-03   7.09392e-06  -4.79961e-03
   3  Sigma        1.07037e-01   3.36315e-03   1.73033e-05  -9.75384e-03
 FCN=11.3944 FROM MIGRAD    STATUS=CONVERGED      77 CALLS          78 TOTAL
                     EDM=1.39646e-09    STRATEGY= 1      ERROR MATRIX ACCURATE 
  EXT PARAMETER                                   STEP         FIRST   
  NO.   NAME      VALUE            ERROR          SIZE      DERIVATIVE 
   1  Constant     3.16063e+01   1.12481e+00   1.93353e-03  -4.37845e-05
   2  Mean         1.01010e+00   3.90521e-03   6.53398e-06   2.90636e-04
   3  Sigma        1.06337e-01   3.07717e-03   1.60382e-05  -1.93497e-03
 FCN=10.0621 FROM MIGRAD    STATUS=CONVERGED      78 CALLS          79 TOTAL
                     EDM=6.68605e-08    STRATEGY= 1      ERROR MATRIX ACCURATE 
  EXT PARAMETER                                   STEP         FIRST   
  NO.   NAME      VALUE            ERROR          SIZE      DERIVATIVE 
   1  Constant     3.56697e+01   1.19506e+00   1.94073e-03   5.98475e-05
   2  Mean         1.00992e+00   3.73401e-03   5.94164e-06  -3.94254e-02
   3  Sigma        1.08607e-01   2.83073e-03   1.37699e-05  -4.14216e-02
 FCN=12.1233 FROM MIGRAD    STATUS=CONVERGED      78 CALLS          79 TOTAL
                     EDM=1.46127e-08    STRATEGY= 1      ERROR MATRIX ACCURATE 
  EXT PARAMETER                                   STEP         FIRST   
  NO.   NAME      VALUE            ERROR          SIZE      DERIVATIVE 
   1  Constant     3.95925e+01   1.25909e+00   2.22706e-03   2.13921e-05
   2  Mean         1.01118e+00   3.54555e-03   6.16140e-06  -1.62489e-02
   3  Sigma        1.08917e-01   2.68185e-03   1.42017e-05  -2.08086e-02
 FCN=12.221 FROM MIGRAD    STATUS=CONVERGED      78 CALLS          79 TOTAL
                     EDM=1.57139e-09    STRATEGY= 1      ERROR MATRIX ACCURATE 
  EXT PARAMETER                                   STEP         FIRST   
  NO.   NAME      VALUE            ERROR          SIZE      DERIVATIVE 
   1  Constant     4.35923e+01   1.32116e+00   2.34554e-03   5.21744e-06
   2  Mean         1.01226e+00   3.38647e-03   5.88732e-06  -4.37865e-03
   3  Sigma        1.08801e-01   2.51277e-03   1.33251e-05  -7.40754e-03
 FCN=16.3822 FROM MIGRAD    STATUS=CONVERGED      78 CALLS          79 TOTAL
                     EDM=3.60872e-08    STRATEGY= 1      ERROR MATRIX ACCURATE 
  EXT PARAMETER                                   STEP         FIRST   
  NO.   NAME      VALUE            ERROR          SIZE      DERIVATIVE 
   1  Constant     4.74264e+01   1.37798e+00   2.80513e-03   3.82693e-05
   2  Mean         1.01171e+00   3.22366e-03   6.43395e-06  -2.34880e-02
   3  Sigma        1.08200e-01   2.38891e-03   1.46078e-05  -3.66335e-02
 FCN=17.7677 FROM MIGRAD    STATUS=CONVERGED      79 CALLS          80 TOTAL
                     EDM=3.47872e-10    STRATEGY= 1      ERROR MATRIX ACCURATE 
  EXT PARAMETER                                   STEP         FIRST   
  NO.   NAME      VALUE            ERROR          SIZE      DERIVATIVE 
   1  Constant     5.13780e+01   1.43430e+00   3.03389e-03  -1.67343e-05
   2  Mean         1.01261e+00   3.09974e-03   6.46138e-06   1.73140e-03
   3  Sigma        1.08799e-01   2.32536e-03   1.47913e-05  -1.19496e-03
 FCN=17.9803 FROM MIGRAD    STATUS=CONVERGED      78 CALLS          79 TOTAL
                     EDM=1.59992e-07    STRATEGY= 1      ERROR MATRIX ACCURATE 
  EXT PARAMETER                                   STEP         FIRST   
  NO.   NAME      VALUE            ERROR          SIZE      DERIVATIVE 
   1  Constant     5.53717e+01   1.48897e+00   3.16733e-03   8.25743e-05
   2  Mean         1.01231e+00   2.98608e-03   6.24290e-06  -7.16771e-02
   3  Sigma        1.08535e-01   2.20341e-03   1.40805e-05  -8.18404e-02
 FCN=20.3344 FROM MIGRAD    STATUS=CONVERGED      78 CALLS          79 TOTAL
                     EDM=1.30275e-07    STRATEGY= 1      ERROR MATRIX ACCURATE 
  EXT PARAMETER                                   STEP         FIRST   
  NO.   NAME      VALUE            ERROR          SIZE      DERIVATIVE 
   1  Constant     5.92929e+01   1.54097e+00   3.47522e-03   6.05034e-05
   2  Mean         1.01116e+00   2.97948e-03   6.51846e-06  -6.71832e-02
   3  Sigma        1.10488e-01   2.27132e-03   1.49065e-05  -7.52108e-02
 FCN=24.7626 FROM MIGRAD    STATUS=CONVERGED      78 CALLS          79 TOTAL
                     EDM=9.88222e-08    STRATEGY= 1      ERROR MATRIX ACCURATE 
  EXT PARAMETER                                   STEP         FIRST   
  NO.   NAME      VALUE            ERROR          SIZE      DERIVATIVE 
   1  Constant     6.31193e+01   1.58991e+00   3.94017e-03   4.90525e-05
   2  Mean         1.01044e+00   2.90634e-03   6.94086e-06  -5.79655e-02
   3  Sigma        1.10466e-01   2.20769e-03   1.58164e-05  -6.83048e-02
 FCN=24.7688 FROM MIGRAD    STATUS=CONVERGED      78 CALLS          79 TOTAL
                     EDM=5.5007e-09    STRATEGY= 1      ERROR MATRIX ACCURATE 
  EXT PARAMETER                                   STEP         FIRST   
  NO.   NAME      VALUE            ERROR          SIZE      DERIVATIVE 
   1  Constant     6.71288e+01   1.63970e+00   4.06404e-03   8.28138e-06
   2  Mean         1.01057e+00   2.82991e-03   6.77365e-06  -1.28386e-02
   3  Sigma        1.11121e-01   2.13196e-03   1.52398e-05  -1.68835e-02
 FCN=25.758 FROM MIGRAD    STATUS=CONVERGED      77 CALLS          78 TOTAL
                     EDM=2.42445e-10    STRATEGY= 1      ERROR MATRIX ACCURATE 
  EXT PARAMETER                                   STEP         FIRST   
  NO.   NAME      VALUE            ERROR          SIZE      DERIVATIVE 
   1  Constant     7.11065e+01   1.68776e+00   4.26262e-03   2.10708e-06
   2  Mean         1.01032e+00   2.78113e-03   6.79746e-06  -2.59353e-03
   3  Sigma        1.12524e-01   2.08976e-03   1.50830e-05  -3.63641e-03
 FCN=27.3064 FROM MIGRAD    STATUS=CONVERGED      79 CALLS          80 TOTAL
                     EDM=4.3847e-09    STRATEGY= 1      ERROR MATRIX ACCURATE 
  EXT PARAMETER                                   STEP         FIRST   
  NO.   NAME      VALUE            ERROR          SIZE      DERIVATIVE 
   1  Constant     7.49983e+01   1.73265e+00   4.50105e-03   8.77581e-06
   2  Mean         1.01122e+00   2.70511e-03   6.75164e-06   4.26624e-03
   3  Sigma        1.12020e-01   1.98786e-03   1.46813e-05  -1.50686e-02
 FCN=28.3157 FROM MIGRAD    STATUS=CONVERGED      79 CALLS          80 TOTAL
                     EDM=7.87858e-09    STRATEGY= 1      ERROR MATRIX ACCURATE 
  EXT PARAMETER                                   STEP         FIRST   
  NO.   NAME      VALUE            ERROR          SIZE      DERIVATIVE 
   1  Constant     7.89580e+01   1.77777e+00   4.69988e-03   1.26535e-05
   2  Mean         1.01115e+00   2.62103e-03   6.66771e-06   4.84847e-03
   3  Sigma        1.11561e-01   1.92909e-03   1.45813e-05  -2.08620e-02
 FCN=28.3571 FROM MIGRAD    STATUS=CONVERGED      76 CALLS          77 TOTAL
                     EDM=8.60676e-09    STRATEGY= 1      ERROR MATRIX ACCURATE 
  EXT PARAMETER                                   STEP         FIRST   
  NO.   NAME      VALUE            ERROR          SIZE      DERIVATIVE 
   1  Constant     8.29605e+01   1.82229e+00   4.82098e-03  -3.06546e-05
   2  Mean         1.01055e+00   2.55332e-03   6.52305e-06  -1.81289e-02
   3  Sigma        1.11783e-01   1.89953e-03   1.43827e-05   1.74649e-02
 FCN=27.4753 FROM MIGRAD    STATUS=CONVERGED      77 CALLS          78 TOTAL
                     EDM=5.16208e-09    STRATEGY= 1      ERROR MATRIX ACCURATE 
  EXT PARAMETER                                   STEP         FIRST   
  NO.   NAME      VALUE            ERROR          SIZE      DERIVATIVE 
   1  Constant     8.70028e+01   1.86621e+00   4.86245e-03   9.47942e-06
   2  Mean         1.01005e+00   2.50815e-03   6.30968e-06   8.88076e-03
   3  Sigma        1.12398e-01   1.84420e-03   1.36822e-05  -1.69232e-02
 FCN=24.8871 FROM MIGRAD    STATUS=CONVERGED      69 CALLS          70 TOTAL
                     EDM=7.62513e-07    STRATEGY= 1      ERROR MATRIX ACCURATE 
  EXT PARAMETER                                   STEP         FIRST   
  NO.   NAME      VALUE            ERROR          SIZE      DERIVATIVE 
   1  Constant     9.11105e+01   1.90979e+00   4.74445e-03  -3.20490e-04
   2  Mean         1.00912e+00   2.44633e-03   5.89105e-06  -1.13475e-01
   3  Sigma        1.12572e-01   1.78109e-03   1.26420e-05   1.85553e-01
 FCN=23.0475 FROM MIGRAD    STATUS=CONVERGED      76 CALLS          77 TOTAL
                     EDM=4.71356e-11    STRATEGY= 1      ERROR MATRIX ACCURATE 
  EXT PARAMETER                                   STEP         FIRST   
  NO.   NAME      VALUE            ERROR          SIZE      DERIVATIVE 
   1  Constant     9.51941e+01   1.95218e+00   4.67426e-03   4.64382e-07
   2  Mean         1.00844e+00   2.40085e-03   5.59123e-06   7.62149e-04
   3  Sigma        1.13315e-01   1.71196e-03   1.16901e-05  -1.80947e-03
 FCN=20.4862 FROM MIGRAD    STATUS=CONVERGED      76 CALLS          77 TOTAL
                     EDM=7.87586e-11    STRATEGY= 1      ERROR MATRIX ACCURATE 
  EXT PARAMETER                                   STEP         FIRST   
  NO.   NAME      VALUE            ERROR          SIZE      DERIVATIVE 
   1  Constant     9.93003e+01   1.99385e+00   4.51263e-03   6.52035e-07
   2  Mean         1.00856e+00   2.33629e-03   5.17833e-06   9.23965e-04
   3  Sigma        1.13391e-01   1.68642e-03   1.09516e-05  -2.40341e-03
 FCN=19.3585 FROM MIGRAD    STATUS=CONVERGED      76 CALLS          77 TOTAL
                     EDM=2.04774e-10    STRATEGY= 1      ERROR MATRIX ACCURATE 
  EXT PARAMETER                                   STEP         FIRST   
  NO.   NAME      VALUE            ERROR          SIZE      DERIVATIVE 
   1  Constant     1.03349e+02   2.03409e+00   4.48126e-03   1.33274e-06
   2  Mean         1.00823e+00   2.28251e-03   4.94025e-06   1.32057e-03
   3  Sigma        1.13376e-01   1.64522e-03   1.04359e-05  -4.00113e-03
 FCN=20.0933 FROM MIGRAD    STATUS=CONVERGED      76 CALLS          77 TOTAL
                     EDM=4.8644e-10    STRATEGY= 1      ERROR MATRIX ACCURATE 
  EXT PARAMETER                                   STEP         FIRST   
  NO.   NAME      VALUE            ERROR          SIZE      DERIVATIVE 
   1  Constant     1.07326e+02   2.07290e+00   4.64845e-03   2.48460e-06
   2  Mean         1.00747e+00   2.25063e-03   4.94982e-06   2.17306e-03
   3  Sigma        1.13705e-01   1.60768e-03   1.03329e-05  -6.27253e-03
 FCN=19.7625 FROM MIGRAD    STATUS=CONVERGED      76 CALLS          77 TOTAL
                     EDM=3.6048e-10    STRATEGY= 1      ERROR MATRIX ACCURATE 
  EXT PARAMETER                                   STEP         FIRST   
  NO.   NAME      VALUE            ERROR          SIZE      DERIVATIVE 
   1  Constant     1.11339e+02   2.11125e+00   4.69718e-03   2.05517e-06
   2  Mean         1.00752e+00   2.20173e-03   4.80180e-06   2.17202e-03
   3  Sigma        1.13264e-01   1.56931e-03   1.00410e-05  -5.46596e-03
 FCN=20.2032 FROM MIGRAD    STATUS=CONVERGED      76 CALLS          77 TOTAL
                     EDM=9.70161e-10    STRATEGY= 1      ERROR MATRIX ACCURATE 
  EXT PARAMETER                                   STEP         FIRST   
  NO.   NAME      VALUE            ERROR          SIZE      DERIVATIVE 
   1  Constant     1.15326e+02   2.14873e+00   4.83103e-03   3.95856e-06
   2  Mean         1.00777e+00   2.16464e-03   4.77449e-06   3.59329e-03
   3  Sigma        1.13414e-01   1.54020e-03   9.95183e-06  -9.10812e-03
 FCN=19.6731 FROM MIGRAD    STATUS=CONVERGED      76 CALLS          77 TOTAL
                     EDM=8.39258e-10    STRATEGY= 1      ERROR MATRIX ACCURATE 
  EXT PARAMETER                                   STEP         FIRST   
  NO.   NAME      VALUE            ERROR          SIZE      DERIVATIVE 
   1  Constant     1.19347e+02   2.18584e+00   4.85266e-03   3.57243e-06
   2  Mean         1.00809e+00   2.12147e-03   4.62392e-06   3.49080e-03
   3  Sigma        1.13174e-01   1.50401e-03   9.62352e-06  -8.65255e-03
 FCN=14.3287 FROM MIGRAD    STATUS=CONVERGED      71 CALLS          72 TOTAL
                     EDM=3.40867e-08    STRATEGY= 1      ERROR MATRIX ACCURATE 
  EXT PARAMETER                                   STEP         FIRST   
  NO.   NAME      VALUE            ERROR          SIZE      DERIVATIVE 
   1  Constant     1.23565e+02   2.22413e+00   4.25178e-03   3.61409e-05
   2  Mean         1.00891e+00   2.07861e-03   3.92937e-06   9.79876e-03
   3  Sigma        1.13608e-01   1.50347e-03   8.32296e-06  -5.56674e-02
 FCN=14.9189 FROM MIGRAD    STATUS=CONVERGED      71 CALLS          72 TOTAL
                     EDM=4.07584e-09    STRATEGY= 1      ERROR MATRIX ACCURATE 
  EXT PARAMETER                                   STEP         FIRST   
  NO.   NAME      VALUE            ERROR          SIZE      DERIVATIVE 
   1  Constant     1.27549e+02   2.25976e+00   4.40227e-03  -3.14155e-05
   2  Mean         1.00960e+00   2.05646e-03   3.95926e-06  -5.05633e-03
   3  Sigma        1.14148e-01   1.49068e-03   8.37122e-06  -1.28585e-02
 FCN=15.5271 FROM MIGRAD    STATUS=CONVERGED      71 CALLS          72 TOTAL
                     EDM=3.13123e-09    STRATEGY= 1      ERROR MATRIX ACCURATE 
  EXT PARAMETER                                   STEP         FIRST   
  NO.   NAME      VALUE            ERROR          SIZE      DERIVATIVE 
   1  Constant     1.31527e+02   2.29472e+00   4.55497e-03  -2.58591e-05
   2  Mean         1.00967e+00   2.02159e-03   3.96973e-06  -5.48402e-03
   3  Sigma        1.14069e-01   1.48071e-03   8.48607e-06  -1.21234e-02
 FCN=15.5307 FROM MIGRAD    STATUS=CONVERGED      71 CALLS          72 TOTAL
                     EDM=7.77028e-09    STRATEGY= 1      ERROR MATRIX ACCURATE 
  EXT PARAMETER                                   STEP         FIRST   
  NO.   NAME      VALUE            ERROR          SIZE      DERIVATIVE 
   1  Constant     1.35528e+02   2.32934e+00   4.62419e-03  -4.82576e-05
   2  Mean         1.00953e+00   1.98482e-03   3.90387e-06  -2.40608e-03
   3  Sigma        1.13860e-01   1.45760e-03   8.38421e-06  -1.25601e-02
 FCN=14.3829 FROM MIGRAD    STATUS=CONVERGED      71 CALLS          72 TOTAL
                     EDM=1.54077e-10    STRATEGY= 1      ERROR MATRIX ACCURATE 
  EXT PARAMETER                                   STEP         FIRST   
  NO.   NAME      VALUE            ERROR          SIZE      DERIVATIVE 
   1  Constant     1.39578e+02   2.36389e+00   4.52693e-03  -2.88717e-06
   2  Mean         1.00984e+00   1.95324e-03   3.71407e-06   8.33425e-03
   3  Sigma        1.13935e-01   1.43192e-03   7.95973e-06   6.03746e-04
 FCN=15.6642 FROM MIGRAD    STATUS=CONVERGED      71 CALLS          72 TOTAL
                     EDM=2.61434e-09    STRATEGY= 1      ERROR MATRIX ACCURATE 
  EXT PARAMETER                                   STEP         FIRST   
  NO.   NAME      VALUE            ERROR          SIZE      DERIVATIVE 
   1  Constant     1.43533e+02   2.39716e+00   4.77801e-03  -2.84650e-05
   2  Mean         1.00942e+00   1.93147e-03   3.81816e-06   8.11243e-03
   3  Sigma        1.14112e-01   1.40749e-03   8.12049e-06   5.03629e-03
 FCN=15.625 FROM MIGRAD    STATUS=CONVERGED      71 CALLS          72 TOTAL
                     EDM=2.33422e-09    STRATEGY= 1      ERROR MATRIX ACCURATE 
  EXT PARAMETER                                   STEP         FIRST   
  NO.   NAME      VALUE            ERROR          SIZE      DERIVATIVE 
   1  Constant     1.47535e+02   2.43034e+00   4.83844e-03   1.90658e-05
   2  Mean         1.00930e+00   1.90231e-03   3.75541e-06   9.03923e-03
   3  Sigma        1.13925e-01   1.38543e-03   7.99620e-06  -1.11896e-02
 FCN=16.3757 FROM MIGRAD    STATUS=CONVERGED      71 CALLS          72 TOTAL
                     EDM=5.4591e-09    STRATEGY= 1      ERROR MATRIX ACCURATE 
  EXT PARAMETER                                   STEP         FIRST   
  NO.   NAME      VALUE            ERROR          SIZE      DERIVATIVE 
   1  Constant     1.51505e+02   2.46278e+00   5.01252e-03  -3.36898e-05
   2  Mean         1.00948e+00   1.87347e-03   3.77805e-06  -4.97719e-03
   3  Sigma        1.13653e-01   1.36420e-03   8.05968e-06  -1.58959e-02
 FCN=17.7996 FROM MIGRAD    STATUS=CONVERGED      71 CALLS          72 TOTAL
                     EDM=7.49275e-09    STRATEGY= 1      ERROR MATRIX ACCURATE 
  EXT PARAMETER                                   STEP         FIRST   
  NO.   NAME      VALUE            ERROR          SIZE      DERIVATIVE 
   1  Constant     1.55449e+02   2.49462e+00   5.28126e-03  -4.84343e-05
   2  Mean         1.00925e+00   1.84812e-03   3.87543e-06   2.63648e-03
   3  Sigma        1.13524e-01   1.33472e-03   8.20866e-06  -4.48190e-03
 FCN=20.6692 FROM MIGRAD    STATUS=CONVERGED      71 CALLS          72 TOTAL
                     EDM=2.80426e-10    STRATEGY= 1      ERROR MATRIX ACCURATE 
  EXT PARAMETER                                   STEP         FIRST   
  NO.   NAME      VALUE            ERROR          SIZE      DERIVATIVE 
   1  Constant     1.59334e+02   2.52557e+00   5.74037e-03   2.89713e-06
   2  Mean         1.00896e+00   1.82052e-03   4.09706e-06  -7.12715e-03
   3  Sigma        1.13215e-01   1.32205e-03   8.74778e-06   4.28025e-03
 FCN=18.5957 FROM MIGRAD    STATUS=CONVERGED      71 CALLS          72 TOTAL
                     EDM=2.87643e-09    STRATEGY= 1      ERROR MATRIX ACCURATE 
  EXT PARAMETER                                   STEP         FIRST   
  NO.   NAME      VALUE            ERROR          SIZE      DERIVATIVE 
   1  Constant     1.63425e+02   2.55783e+00   5.52853e-03  -2.05594e-05
   2  Mean         1.00916e+00   1.80110e-03   3.86039e-06  -7.21668e-03
   3  Sigma        1.13582e-01   1.31267e-03   8.24804e-06  -1.41454e-02
 FCN=17.9362 FROM MIGRAD    STATUS=CONVERGED      71 CALLS          72 TOTAL
                     EDM=7.12401e-09    STRATEGY= 1      ERROR MATRIX ACCURATE 
  EXT PARAMETER                                   STEP         FIRST   
  NO.   NAME      VALUE            ERROR          SIZE      DERIVATIVE 
   1  Constant     1.67454e+02   2.58917e+00   5.50130e-03  -3.60007e-05
   2  Mean         1.00900e+00   1.77754e-03   3.74872e-06  -5.78421e-03
   3  Sigma        1.13571e-01   1.29232e-03   7.99157e-06  -1.96544e-02
 FCN=17.2363 FROM MIGRAD    STATUS=CONVERGED      71 CALLS          72 TOTAL
                     EDM=4.15533e-09    STRATEGY= 1      ERROR MATRIX ACCURATE 
  EXT PARAMETER                                   STEP         FIRST   
  NO.   NAME      VALUE            ERROR          SIZE      DERIVATIVE 
   1  Constant     1.71487e+02   2.62017e+00   5.46332e-03  -2.47882e-05
   2  Mean         1.00893e+00   1.75466e-03   3.63781e-06  -5.50049e-03
   3  Sigma        1.13649e-01   1.28763e-03   7.82175e-06  -1.69177e-02
 FCN=16.9595 FROM MIGRAD    STATUS=CONVERGED      71 CALLS          72 TOTAL
                     EDM=2.38692e-09    STRATEGY= 1      ERROR MATRIX ACCURATE 
  EXT PARAMETER                                   STEP         FIRST   
  NO.   NAME      VALUE            ERROR          SIZE      DERIVATIVE 
   1  Constant     1.75481e+02   2.65034e+00   5.48416e-03  -1.90811e-05
   2  Mean         1.00865e+00   1.73517e-03   3.56623e-06  -4.04142e-03
   3  Sigma        1.13658e-01   1.27010e-03   7.64403e-06  -1.26582e-02
 FCN=16.5728 FROM MIGRAD    STATUS=CONVERGED      71 CALLS          72 TOTAL
                     EDM=3.86704e-10    STRATEGY= 1      ERROR MATRIX ACCURATE 
  EXT PARAMETER                                   STEP         FIRST   
  NO.   NAME      VALUE            ERROR          SIZE      DERIVATIVE 
   1  Constant     1.79500e+02   2.68051e+00   5.48656e-03  -6.42942e-06
   2  Mean         1.00842e+00   1.71577e-03   3.48724e-06  -5.01717e-03
   3  Sigma        1.13641e-01   1.25270e-03   7.45810e-06  -5.72278e-03
 FCN=17.7054 FROM MIGRAD    STATUS=CONVERGED      71 CALLS          72 TOTAL
                     EDM=5.3881e-09    STRATEGY= 1      ERROR MATRIX ACCURATE 
  EXT PARAMETER                                   STEP         FIRST   
  NO.   NAME      VALUE            ERROR          SIZE      DERIVATIVE 
   1  Constant     1.83458e+02   2.70992e+00   5.72271e-03  -3.37606e-05
   2  Mean         1.00836e+00   1.70029e-03   3.56279e-06  -1.61073e-03
   3  Sigma        1.13752e-01   1.23425e-03   7.56629e-06  -1.35093e-02
 FCN=18.5394 FROM MIGRAD    STATUS=CONVERGED      71 CALLS          72 TOTAL
                     EDM=7.64211e-08    STRATEGY= 1      ERROR MATRIX ACCURATE 
  EXT PARAMETER                                   STEP         FIRST   
  NO.   NAME      VALUE            ERROR          SIZE      DERIVATIVE 
   1  Constant     1.87427e+02   2.73907e+00   5.91181e-03   3.76351e-05
   2  Mean         1.00839e+00   1.68252e-03   3.60210e-06   5.79350e-03
   3  Sigma        1.13703e-01   1.22253e-03   7.65581e-06  -1.05245e-01
 FCN=17.7548 FROM MIGRAD    STATUS=CONVERGED      71 CALLS          72 TOTAL
                     EDM=1.00226e-08    STRATEGY= 1      ERROR MATRIX ACCURATE 
  EXT PARAMETER                                   STEP         FIRST   
  NO.   NAME      VALUE            ERROR          SIZE      DERIVATIVE 
   1  Constant     1.91465e+02   2.76845e+00   5.85403e-03   2.64759e-05
   2  Mean         1.00820e+00   1.66692e-03   3.50044e-06   7.47322e-03
   3  Sigma        1.13987e-01   1.20880e-03   7.41003e-06  -3.38544e-02
 FCN=18.1323 FROM MIGRAD    STATUS=CONVERGED      71 CALLS          72 TOTAL
                     EDM=3.35568e-08    STRATEGY= 1      ERROR MATRIX ACCURATE 
  EXT PARAMETER                                   STEP         FIRST   
  NO.   NAME      VALUE            ERROR          SIZE      DERIVATIVE 
   1  Constant     1.95455e+02   2.79716e+00   5.97397e-03   3.18648e-05
   2  Mean         1.00795e+00   1.65213e-03   3.50386e-06   4.45757e-03
   3  Sigma        1.14126e-01   1.18870e-03   7.35079e-06  -7.00522e-02
 FCN=16.8929 FROM MIGRAD    STATUS=CONVERGED      71 CALLS          72 TOTAL
                     EDM=4.79997e-08    STRATEGY= 1      ERROR MATRIX ACCURATE 
  EXT PARAMETER                                   STEP         FIRST   
  NO.   NAME      VALUE            ERROR          SIZE      DERIVATIVE 
   1  Constant     1.99504e+02   2.82596e+00   5.83671e-03   3.19700e-05
   2  Mean         1.00767e+00   1.62885e-03   3.34502e-06   1.82065e-03
   3  Sigma        1.13839e-01   1.16960e-03   7.02196e-06  -8.67354e-02
 FCN=16.6861 FROM MIGRAD    STATUS=CONVERGED      71 CALLS          72 TOTAL
                     EDM=7.64758e-09    STRATEGY= 1      ERROR MATRIX ACCURATE 
  EXT PARAMETER                                   STEP         FIRST   
  NO.   NAME      VALUE            ERROR          SIZE      DERIVATIVE 
   1  Constant     2.03521e+02   2.85431e+00   5.86110e-03   2.45621e-05
   2  Mean         1.00753e+00   1.62059e-03   3.30509e-06   7.69920e-03
   3  Sigma        1.14254e-01   1.17170e-03   6.96093e-06  -2.93244e-02
 FCN=16.4935 FROM MIGRAD    STATUS=CONVERGED      71 CALLS          72 TOTAL
                     EDM=2.45486e-09    STRATEGY= 1      ERROR MATRIX ACCURATE 
  EXT PARAMETER                                   STEP         FIRST   
  NO.   NAME      VALUE            ERROR          SIZE      DERIVATIVE 
   1  Constant     2.07531e+02   2.88229e+00   5.88623e-03  -2.38039e-05
   2  Mean         1.00778e+00   1.60507e-03   3.25339e-06   5.75110e-03
   3  Sigma        1.14209e-01   1.16181e-03   6.86397e-06   3.66920e-03
 FCN=17.6497 FROM MIGRAD    STATUS=CONVERGED      71 CALLS          72 TOTAL
                     EDM=4.05184e-08    STRATEGY= 1      ERROR MATRIX ACCURATE 
  EXT PARAMETER                                   STEP         FIRST   
  NO.   NAME      VALUE            ERROR          SIZE      DERIVATIVE 
   1  Constant     2.11486e+02   2.90962e+00   6.13526e-03   3.27226e-05
   2  Mean         1.00790e+00   1.58868e-03   3.32615e-06   5.32932e-03
   3  Sigma        1.14141e-01   1.15155e-03   7.02835e-06  -7.97481e-02
 FCN=19.1992 FROM MIGRAD    STATUS=CONVERGED      71 CALLS          72 TOTAL
                     EDM=5.22867e-08    STRATEGY= 1      ERROR MATRIX ACCURATE 
  EXT PARAMETER                                   STEP         FIRST   
  NO.   NAME      VALUE            ERROR          SIZE      DERIVATIVE 
   1  Constant     2.15425e+02   2.93657e+00   6.44421e-03   3.33369e-05
   2  Mean         1.00763e+00   1.57334e-03   3.42529e-06   6.41167e-03
   3  Sigma        1.13995e-01   1.14102e-03   7.25009e-06  -9.22941e-02
 FCN=18.9256 FROM MIGRAD    STATUS=CONVERGED      70 CALLS          71 TOTAL
                     EDM=2.26687e-07    STRATEGY= 1      ERROR MATRIX ACCURATE 
  EXT PARAMETER                                   STEP         FIRST   
  NO.   NAME      VALUE            ERROR          SIZE      DERIVATIVE 
   1  Constant     2.19438e+02   2.96378e+00   6.45973e-03   3.90668e-05
   2  Mean         1.00751e+00   1.55642e-03   3.36747e-06   1.70598e-02
   3  Sigma        1.13893e-01   1.13165e-03   7.14892e-06  -1.99821e-01
 FCN=17.5138 FROM MIGRAD    STATUS=CONVERGED      71 CALLS          72 TOTAL
                     EDM=6.09159e-08    STRATEGY= 1      ERROR MATRIX ACCURATE 
  EXT PARAMETER                                   STEP         FIRST   
  NO.   NAME      VALUE            ERROR          SIZE      DERIVATIVE 
   1  Constant     2.23496e+02   2.99106e+00   6.28398e-03   3.34184e-05
   2  Mean         1.00745e+00   1.54059e-03   3.21540e-06   7.83829e-03
   3  Sigma        1.13858e-01   1.11614e-03   6.80643e-06  -1.02238e-01
 FCN=20.633 FROM MIGRAD    STATUS=CONVERGED      79 CALLS          80 TOTAL
                     EDM=1.59337e-11    STRATEGY= 1      ERROR MATRIX ACCURATE 
  EXT PARAMETER                                   STEP         FIRST   
  NO.   NAME      VALUE            ERROR          SIZE      DERIVATIVE 
   1  Constant     2.27273e+02   3.01551e+00   6.84838e-03  -1.77270e-06
   2  Mean         1.00732e+00   1.51082e-03   3.42110e-06   1.68336e-04
   3  Sigma        1.13338e-01   1.06246e-03   7.04261e-06  -5.67641e-04
 FCN=19.6747 FROM MIGRAD    STATUS=CONVERGED      79 CALLS          80 TOTAL
                     EDM=1.31992e-11    STRATEGY= 1      ERROR MATRIX ACCURATE 
  EXT PARAMETER                                   STEP         FIRST   
  NO.   NAME      VALUE            ERROR          SIZE      DERIVATIVE 
   1  Constant     2.31312e+02   3.04219e+00   6.75420e-03  -1.59828e-06
   2  Mean         1.00715e+00   1.49693e-03   3.31583e-06   1.03022e-04
   3  Sigma        1.13363e-01   1.04699e-03   6.78795e-06  -5.32549e-04
 FCN=17.7885 FROM MIGRAD    STATUS=CONVERGED      78 CALLS          79 TOTAL
                     EDM=2.96928e-10    STRATEGY= 1      ERROR MATRIX ACCURATE 
  EXT PARAMETER                                   STEP         FIRST   
  NO.   NAME      VALUE            ERROR          SIZE      DERIVATIVE 
   1  Constant     2.35389e+02   3.06888e+00   6.49522e-03   2.12757e-06
   2  Mean         1.00691e+00   1.48798e-03   3.13533e-06  -3.19038e-03
   3  Sigma        1.13431e-01   1.06240e-03   6.55551e-06  -7.54093e-03
 FCN=20.2211 FROM MIGRAD    STATUS=CONVERGED      78 CALLS          79 TOTAL
                     EDM=7.50133e-10    STRATEGY= 1      ERROR MATRIX ACCURATE 
  EXT PARAMETER                                   STEP         FIRST   
  NO.   NAME      VALUE            ERROR          SIZE      DERIVATIVE 
   1  Constant     2.39291e+02   3.09421e+00   6.95989e-03   3.73255e-06
   2  Mean         1.00697e+00   1.47480e-03   3.29988e-06  -3.72990e-03
   3  Sigma        1.13263e-01   1.05294e-03   6.90692e-06  -1.20368e-02
 FCN=15.8394 FROM MIGRAD    STATUS=CONVERGED      77 CALLS          78 TOTAL
                     EDM=2.2681e-11    STRATEGY= 1      ERROR MATRIX ACCURATE 
  EXT PARAMETER                                   STEP         FIRST   
  NO.   NAME      VALUE            ERROR          SIZE      DERIVATIVE 
   1  Constant     2.43471e+02   3.12114e+00   6.25382e-03   4.54975e-07
   2  Mean         1.00727e+00   1.46430e-03   2.92555e-06   1.11317e-04
   3  Sigma        1.13688e-01   1.05866e-03   6.18589e-06  -2.12283e-03
 FCN=15.966 FROM MIGRAD    STATUS=CONVERGED      79 CALLS          80 TOTAL
                     EDM=2.8899e-11    STRATEGY= 1      ERROR MATRIX ACCURATE 
  EXT PARAMETER                                   STEP         FIRST   
  NO.   NAME      VALUE            ERROR          SIZE      DERIVATIVE 
   1  Constant     2.47467e+02   3.14664e+00   6.32856e-03   5.59594e-07
   2  Mean         1.00727e+00   1.45138e-03   2.91039e-06   3.16390e-05
   3  Sigma        1.13598e-01   1.05424e-03   6.18778e-06  -2.39692e-03
 FCN=15.8386 FROM MIGRAD    STATUS=CONVERGED      77 CALLS          78 TOTAL
                     EDM=4.07131e-11    STRATEGY= 1      ERROR MATRIX ACCURATE 
  EXT PARAMETER                                   STEP         FIRST   
  NO.   NAME      VALUE            ERROR          SIZE      DERIVATIVE 
   1  Constant     2.51473e+02   3.17202e+00   6.35561e-03   7.51737e-07
   2  Mean         1.00733e+00   1.44063e-03   2.87807e-06  -2.05827e-04
   3  Sigma        1.13669e-01   1.04645e-03   6.11521e-06  -2.85094e-03
 FCN=16.0603 FROM MIGRAD    STATUS=CONVERGED      77 CALLS          78 TOTAL
                     EDM=3.93289e-11    STRATEGY= 1      ERROR MATRIX ACCURATE 
  EXT PARAMETER                                   STEP         FIRST   
  NO.   NAME      VALUE            ERROR          SIZE      DERIVATIVE 
   1  Constant     2.55465e+02   3.19709e+00   6.44787e-03   7.48065e-07
   2  Mean         1.00743e+00   1.42839e-03   2.87263e-06  -2.22960e-04
   3  Sigma        1.13607e-01   1.03735e-03   6.10515e-06  -2.82125e-03
 FCN=16.5801 FROM MIGRAD    STATUS=CONVERGED      71 CALLS          72 TOTAL
                     EDM=1.29882e-06    STRATEGY= 1      ERROR MATRIX ACCURATE 
  EXT PARAMETER                                   STEP         FIRST   
  NO.   NAME      VALUE            ERROR          SIZE      DERIVATIVE 
   1  Constant     2.59446e+02   3.22191e+00   6.59618e-03   9.57067e-05
   2  Mean         1.00730e+00   1.41865e-03   2.89543e-06  -3.50547e-01
   3  Sigma        1.13683e-01   1.02908e-03   6.14231e-06  -5.12407e-01
 FCN=15.6979 FROM MIGRAD    STATUS=CONVERGED      78 CALLS          79 TOTAL
                     EDM=1.75353e-11    STRATEGY= 1      ERROR MATRIX ACCURATE 
  EXT PARAMETER                                   STEP         FIRST   
  NO.   NAME      VALUE            ERROR          SIZE      DERIVATIVE 
   1  Constant     2.63482e+02   3.24687e+00   6.47835e-03   5.83637e-07
   2  Mean         1.00715e+00   1.40854e-03   2.80175e-06  -2.86395e-04
   3  Sigma        1.13741e-01   1.02075e-03   5.93652e-06  -1.88743e-03
 FCN=15.713 FROM MIGRAD    STATUS=CONVERGED      80 CALLS          81 TOTAL
                     EDM=1.12688e-11    STRATEGY= 1      ERROR MATRIX ACCURATE 
  EXT PARAMETER                                   STEP         FIRST   
  NO.   NAME      VALUE            ERROR          SIZE      DERIVATIVE 
   1  Constant     2.67484e+02   3.27145e+00   6.53034e-03   2.96848e-07
   2  Mean         1.00735e+00   1.39981e-03   2.78491e-06   3.65968e-05
   3  Sigma        1.13856e-01   1.01616e-03   5.90622e-06  -1.56461e-03
 FCN=14.5262 FROM MIGRAD    STATUS=CONVERGED      80 CALLS          81 TOTAL
                     EDM=6.96167e-12    STRATEGY= 1      ERROR MATRIX ACCURATE 
  EXT PARAMETER                                   STEP         FIRST   
  NO.   NAME      VALUE            ERROR          SIZE      DERIVATIVE 
   1  Constant     2.71534e+02   3.29613e+00   6.34170e-03   1.50762e-07
   2  Mean         1.00776e+00   1.38974e-03   2.66583e-06   4.09301e-05
   3  Sigma        1.13927e-01   1.01279e-03   5.67420e-06  -1.24897e-03
 FCN=16.1469 FROM MIGRAD    STATUS=CONVERGED      78 CALLS          79 TOTAL
                     EDM=1.43729e-11    STRATEGY= 1      ERROR MATRIX ACCURATE 
  EXT PARAMETER                                   STEP         FIRST   
  NO.   NAME      VALUE            ERROR          SIZE      DERIVATIVE 
   1  Constant     2.75470e+02   3.31992e+00   6.71258e-03   4.04779e-07
   2  Mean         1.00760e+00   1.37856e-03   2.77933e-06  -2.32458e-04
   3  Sigma        1.13843e-01   1.00893e-03   5.94275e-06  -1.76703e-03
 FCN=15.8765 FROM MIGRAD    STATUS=CONVERGED      78 CALLS          79 TOTAL
                     EDM=1.06871e-11    STRATEGY= 1      ERROR MATRIX ACCURATE 
  EXT PARAMETER                                   STEP         FIRST   
  NO.   NAME      VALUE            ERROR          SIZE      DERIVATIVE 
   1  Constant     2.79482e+02   3.34401e+00   6.70775e-03   2.89256e-07
   2  Mean         1.00786e+00   1.36776e-03   2.73623e-06  -1.71825e-04
   3  Sigma        1.13792e-01   9.98939e-04   5.84156e-06  -1.55298e-03
 FCN=15.5506 FROM MIGRAD    STATUS=CONVERGED      78 CALLS          79 TOTAL
                     EDM=3.66862e-12    STRATEGY= 1      ERROR MATRIX ACCURATE 
  EXT PARAMETER                                   STEP         FIRST   
  NO.   NAME      VALUE            ERROR          SIZE      DERIVATIVE 
   1  Constant     2.83496e+02   3.36794e+00   6.69020e-03   1.05285e-07
   2  Mean         1.00787e+00   1.35674e-03   2.69032e-06  -1.36207e-04
   3  Sigma        1.13789e-01   9.97846e-04   5.78567e-06  -9.22336e-04
 FCN=14.8711 FROM MIGRAD    STATUS=CONVERGED      78 CALLS          79 TOTAL
                     EDM=3.14899e-12    STRATEGY= 1      ERROR MATRIX ACCURATE 
  EXT PARAMETER                                   STEP         FIRST   
  NO.   NAME      VALUE            ERROR          SIZE      DERIVATIVE 
   1  Constant     2.87525e+02   3.39179e+00   6.59784e-03   7.21194e-08
   2  Mean         1.00801e+00   1.34804e-03   2.61712e-06  -4.43746e-05
   3  Sigma        1.13836e-01   9.85910e-04   5.59492e-06  -8.67955e-04
 FCN=14.6853 FROM MIGRAD    STATUS=CONVERGED      78 CALLS          79 TOTAL
                     EDM=3.16327e-12    STRATEGY= 1      ERROR MATRIX ACCURATE 
  EXT PARAMETER                                   STEP         FIRST   
  NO.   NAME      VALUE            ERROR          SIZE      DERIVATIVE 
   1  Constant     2.91533e+02   3.41535e+00   6.60465e-03   6.93657e-08
   2  Mean         1.00816e+00   1.33738e-03   2.58107e-06  -3.50410e-05
   3  Sigma        1.13717e-01   9.80154e-04   5.53539e-06  -8.74162e-04
 FCN=15.352 FROM MIGRAD    STATUS=CONVERGED      78 CALLS          79 TOTAL
                     EDM=4.81174e-12    STRATEGY= 1      ERROR MATRIX ACCURATE 
  EXT PARAMETER                                   STEP         FIRST   
  NO.   NAME      VALUE            ERROR          SIZE      DERIVATIVE 
   1  Constant     2.95510e+02   3.43858e+00   6.78941e-03   1.31771e-07
   2  Mean         1.00846e+00   1.33028e-03   2.62209e-06  -2.24667e-04
   3  Sigma        1.13909e-01   9.77659e-04   5.62885e-06  -1.07622e-03
 FCN=15.1753 FROM MIGRAD    STATUS=CONVERGED      78 CALLS          79 TOTAL
                     EDM=3.5513e-12    STRATEGY= 1      ERROR MATRIX ACCURATE 
  EXT PARAMETER                                   STEP         FIRST   
  NO.   NAME      VALUE            ERROR          SIZE      DERIVATIVE 
   1  Constant     2.99517e+02   3.46181e+00   6.79826e-03   1.08125e-07
   2  Mean         1.00840e+00   1.32029e-03   2.58907e-06  -2.45351e-04
   3  Sigma        1.13853e-01   9.69939e-04   5.55920e-06  -9.30311e-04
 FCN=15.6746 FROM MIGRAD    STATUS=CONVERGED      78 CALLS          79 TOTAL
                     EDM=3.52704e-12    STRATEGY= 1      ERROR MATRIX ACCURATE 
  EXT PARAMETER                                   STEP         FIRST   
  NO.   NAME      VALUE            ERROR          SIZE      DERIVATIVE 
   1  Constant     3.03499e+02   3.48475e+00   6.94812e-03   1.09813e-07
   2  Mean         1.00854e+00   1.31159e-03   2.61164e-06  -2.80875e-04
   3  Sigma        1.13862e-01   9.63833e-04   5.60937e-06  -9.31020e-04
 FCN=16.047 FROM MIGRAD    STATUS=CONVERGED      78 CALLS          79 TOTAL
                     EDM=6.92283e-12    STRATEGY= 1      ERROR MATRIX ACCURATE 
  EXT PARAMETER                                   STEP         FIRST   
  NO.   NAME      VALUE            ERROR          SIZE      DERIVATIVE 
   1  Constant     3.07486e+02   3.50758e+00   7.07130e-03   1.86461e-07
   2  Mean         1.00870e+00   1.30467e-03   2.62585e-06  -3.96061e-04
   3  Sigma        1.13961e-01   9.57219e-04   5.62527e-06  -1.30901e-03
 FCN=16.4052 FROM MIGRAD    STATUS=CONVERGED      78 CALLS          79 TOTAL
                     EDM=6.23012e-12    STRATEGY= 1      ERROR MATRIX ACCURATE 
  EXT PARAMETER                                   STEP         FIRST   
  NO.   NAME      VALUE            ERROR          SIZE      DERIVATIVE 
   1  Constant     3.11472e+02   3.53023e+00   7.19135e-03   1.61399e-07
   2  Mean         1.00849e+00   1.29563e-03   2.63479e-06  -3.43246e-04
   3  Sigma        1.13900e-01   9.49822e-04   5.64320e-06  -1.25520e-03
 FCN=15.9588 FROM MIGRAD    STATUS=CONVERGED      78 CALLS          79 TOTAL
                     EDM=4.47046e-12    STRATEGY= 1      ERROR MATRIX ACCURATE 
  EXT PARAMETER                                   STEP         FIRST   
  NO.   NAME      VALUE            ERROR          SIZE      DERIVATIVE 
   1  Constant     3.15491e+02   3.55292e+00   7.14418e-03   1.11284e-07
   2  Mean         1.00857e+00   1.28644e-03   2.58249e-06  -2.52304e-04
   3  Sigma        1.13827e-01   9.40082e-04   5.51739e-06  -1.07920e-03
 FCN=15.9581 FROM MIGRAD    STATUS=CONVERGED      78 CALLS          79 TOTAL
                     EDM=5.05423e-12    STRATEGY= 1      ERROR MATRIX ACCURATE 
  EXT PARAMETER                                   STEP         FIRST   
  NO.   NAME      VALUE            ERROR          SIZE      DERIVATIVE 
   1  Constant     3.19491e+02   3.57538e+00   7.18918e-03   1.14222e-07
   2  Mean         1.00869e+00   1.27784e-03   2.56458e-06  -2.22112e-04
   3  Sigma        1.13756e-01   9.31574e-04   5.46962e-06  -1.15913e-03
 FCN=15.5327 FROM MIGRAD    STATUS=CONVERGED      78 CALLS          79 TOTAL
                     EDM=4.36684e-12    STRATEGY= 1      ERROR MATRIX ACCURATE 
  EXT PARAMETER                                   STEP         FIRST   
  NO.   NAME      VALUE            ERROR          SIZE      DERIVATIVE 
   1  Constant     3.23508e+02   3.59778e+00   7.14289e-03   1.12258e-07
   2  Mean         1.00866e+00   1.26802e-03   2.51340e-06  -2.75210e-04
   3  Sigma        1.13622e-01   9.24790e-04   5.36926e-06  -1.08090e-03
 FCN=14.3315 FROM MIGRAD    STATUS=CONVERGED      71 CALLS          72 TOTAL
                     EDM=1.8238e-07    STRATEGY= 1      ERROR MATRIX ACCURATE 
  EXT PARAMETER                                   STEP         FIRST   
  NO.   NAME      VALUE            ERROR          SIZE      DERIVATIVE 
   1  Constant     3.27558e+02   3.62024e+00   6.92146e-03   1.46990e-05
   2  Mean         1.00847e+00   1.26289e-03   2.40898e-06  -1.82377e-01
   3  Sigma        1.13795e-01   9.29551e-04   5.18779e-06  -2.10204e-01
 FCN=13.8634 FROM MIGRAD    STATUS=CONVERGED      71 CALLS          72 TOTAL
                     EDM=1.36976e-07    STRATEGY= 1      ERROR MATRIX ACCURATE 
  EXT PARAMETER                                   STEP         FIRST   
  NO.   NAME      VALUE            ERROR          SIZE      DERIVATIVE 
   1  Constant     3.31578e+02   3.64238e+00   6.85666e-03   1.24582e-05
   2  Mean         1.00838e+00   1.25570e-03   2.35786e-06  -1.59718e-01
   3  Sigma        1.13813e-01   9.22674e-04   5.06864e-06  -1.83699e-01
 FCN=14.4124 FROM MIGRAD    STATUS=CONVERGED      71 CALLS          72 TOTAL
                     EDM=1.28359e-07    STRATEGY= 1      ERROR MATRIX ACCURATE 
  EXT PARAMETER                                   STEP         FIRST   
  NO.   NAME      VALUE            ERROR          SIZE      DERIVATIVE 
   1  Constant     3.35559e+02   3.66419e+00   7.02394e-03   1.19652e-05
   2  Mean         1.00842e+00   1.24937e-03   2.38905e-06  -1.54401e-01
   3  Sigma        1.13921e-01   9.16914e-04   5.12433e-06  -1.79224e-01
 FCN=15.6356 FROM MIGRAD    STATUS=CONVERGED      71 CALLS          72 TOTAL
                     EDM=1.4272e-07    STRATEGY= 1      ERROR MATRIX ACCURATE 
  EXT PARAMETER                                   STEP         FIRST   
  NO.   NAME      VALUE            ERROR          SIZE      DERIVATIVE 
   1  Constant     3.39511e+02   3.68570e+00   7.34019e-03   1.27988e-05
   2  Mean         1.00857e+00   1.24223e-03   2.46626e-06  -1.63006e-01
   3  Sigma        1.13861e-01   9.09303e-04   5.27863e-06  -1.91242e-01
 FCN=16.5866 FROM MIGRAD    STATUS=CONVERGED      71 CALLS          72 TOTAL
                     EDM=1.47441e-07    STRATEGY= 1      ERROR MATRIX ACCURATE 
  EXT PARAMETER                                   STEP         FIRST   
  NO.   NAME      VALUE            ERROR          SIZE      DERIVATIVE 
   1  Constant     3.43403e+02   3.70637e+00   7.58943e-03   4.51275e-05
   2  Mean         1.00867e+00   1.23195e-03   2.51232e-06   5.34641e-02
   3  Sigma        1.13605e-01   8.90258e-04   5.31598e-06  -1.94353e-01
 FCN=15.3044 FROM MIGRAD    STATUS=CONVERGED      71 CALLS          72 TOTAL
                     EDM=1.15331e-07    STRATEGY= 1      ERROR MATRIX ACCURATE 
  EXT PARAMETER                                   STEP         FIRST   
  NO.   NAME      VALUE            ERROR          SIZE      DERIVATIVE 
   1  Constant     3.47455e+02   3.72817e+00   7.35052e-03   3.76149e-05
   2  Mean         1.00848e+00   1.22565e-03   2.40786e-06   3.05996e-02
   3  Sigma        1.13746e-01   8.82422e-04   5.07029e-06  -1.76206e-01
 FCN=15.0644 FROM MIGRAD    STATUS=CONVERGED      71 CALLS          72 TOTAL
                     EDM=9.401e-08    STRATEGY= 1      ERROR MATRIX ACCURATE 
  EXT PARAMETER                                   STEP         FIRST   
  NO.   NAME      VALUE            ERROR          SIZE      DERIVATIVE 
   1  Constant     3.51465e+02   3.74962e+00   7.33820e-03   3.16931e-05
   2  Mean         1.00824e+00   1.21956e-03   2.37721e-06   3.11980e-02
   3  Sigma        1.13785e-01   8.81919e-04   5.02651e-06  -1.59764e-01
 FCN=14.26 FROM MIGRAD    STATUS=CONVERGED      71 CALLS          72 TOTAL
                     EDM=7.14718e-08    STRATEGY= 1      ERROR MATRIX ACCURATE 
  EXT PARAMETER                                   STEP         FIRST   
  NO.   NAME      VALUE            ERROR          SIZE      DERIVATIVE 
   1  Constant     3.55497e+02   3.77107e+00   7.19304e-03   2.58188e-05
   2  Mean         1.00823e+00   1.21280e-03   2.30478e-06   1.90913e-02
   3  Sigma        1.13836e-01   8.74064e-04   4.85516e-06  -1.41963e-01
 FCN=13.7415 FROM MIGRAD    STATUS=CONVERGED      71 CALLS          72 TOTAL
                     EDM=4.67557e-08    STRATEGY= 1      ERROR MATRIX ACCURATE 
  EXT PARAMETER                                   STEP         FIRST   
  NO.   NAME      VALUE            ERROR          SIZE      DERIVATIVE 
   1  Constant     3.59518e+02   3.79234e+00   7.10964e-03   1.88558e-05
   2  Mean         1.00810e+00   1.20654e-03   2.25381e-06   1.12767e-02
   3  Sigma        1.13898e-01   8.66497e-04   4.72901e-06  -1.16888e-01
 FCN=13.0552 FROM MIGRAD    STATUS=CONVERGED      78 CALLS          79 TOTAL
                     EDM=3.03034e-13    STRATEGY= 1      ERROR MATRIX ACCURATE 
  EXT PARAMETER                                   STEP         FIRST   
  NO.   NAME      VALUE            ERROR          SIZE      DERIVATIVE 
   1  Constant     3.63546e+02   3.81353e+00   6.98097e-03   7.00851e-08
   2  Mean         1.00825e+00   1.19974e-03   2.18986e-06   1.81115e-04
   3  Sigma        1.13966e-01   8.67112e-04   4.62270e-06  -2.69275e-04
 FCN=12.4238 FROM MIGRAD    STATUS=CONVERGED      80 CALLS          81 TOTAL
                     EDM=2.11636e-13    STRATEGY= 1      ERROR MATRIX ACCURATE 
  EXT PARAMETER                                   STEP         FIRST   
  NO.   NAME      VALUE            ERROR          SIZE      DERIVATIVE 
   1  Constant     3.67572e+02   3.83458e+00   6.86002e-03   4.87422e-08
   2  Mean         1.00821e+00   1.19233e-03   2.12690e-06   1.77634e-04
   3  Sigma        1.13889e-01   8.60759e-04   4.48784e-06  -2.26664e-04
 FCN=12.4203 FROM MIGRAD    STATUS=CONVERGED      80 CALLS          81 TOTAL
                     EDM=2.11669e-13    STRATEGY= 1      ERROR MATRIX ACCURATE 
  EXT PARAMETER                                   STEP         FIRST   
  NO.   NAME      VALUE            ERROR          SIZE      DERIVATIVE 
   1  Constant     3.71572e+02   3.85539e+00   6.89634e-03   4.78641e-08
   2  Mean         1.00833e+00   1.18481e-03   2.11294e-06   1.89072e-04
   3  Sigma        1.13771e-01   8.54686e-04   4.45971e-06  -2.26032e-04
 FCN=12.0764 FROM MIGRAD    STATUS=CONVERGED      80 CALLS          81 TOTAL
                     EDM=1.55974e-13    STRATEGY= 1      ERROR MATRIX ACCURATE 
  EXT PARAMETER                                   STEP         FIRST   
  NO.   NAME      VALUE            ERROR          SIZE      DERIVATIVE 
   1  Constant     3.75586e+02   3.87615e+00   6.84407e-03   3.31461e-08
   2  Mean         1.00835e+00   1.17811e-03   2.07387e-06   1.86726e-04
   3  Sigma        1.13736e-01   8.48412e-04   4.37135e-06  -1.93393e-04
 FCN=11.8118 FROM MIGRAD    STATUS=CONVERGED      80 CALLS          81 TOTAL
                     EDM=1.32201e-13    STRATEGY= 1      ERROR MATRIX ACCURATE 
  EXT PARAMETER                                   STEP         FIRST   
  NO.   NAME      VALUE            ERROR          SIZE      DERIVATIVE 
   1  Constant     3.79596e+02   3.89679e+00   6.81055e-03   2.96329e-08
   2  Mean         1.00840e+00   1.17018e-03   2.03939e-06   1.65826e-04
   3  Sigma        1.13597e-01   8.43556e-04   4.30839e-06  -1.81078e-04
 FCN=11.4396 FROM MIGRAD    STATUS=CONVERGED      80 CALLS          81 TOTAL
                     EDM=1.03124e-13    STRATEGY= 1      ERROR MATRIX ACCURATE 
  EXT PARAMETER                                   STEP         FIRST   
  NO.   NAME      VALUE            ERROR          SIZE      DERIVATIVE 
   1  Constant     3.83611e+02   3.91734e+00   6.74628e-03   2.21660e-08
   2  Mean         1.00837e+00   1.16294e-03   1.99740e-06   1.51405e-04
   3  Sigma        1.13507e-01   8.39073e-04   4.22688e-06  -1.61256e-04
 FCN=11.7464 FROM MIGRAD    STATUS=CONVERGED      80 CALLS          81 TOTAL
                     EDM=1.88346e-13    STRATEGY= 1      ERROR MATRIX ACCURATE 
  EXT PARAMETER                                   STEP         FIRST   
  NO.   NAME      VALUE            ERROR          SIZE      DERIVATIVE 
   1  Constant     3.87599e+02   3.93765e+00   6.86437e-03   4.48672e-08
   2  Mean         1.00839e+00   1.15723e-03   2.01159e-06   1.74314e-04
   3  Sigma        1.13514e-01   8.35682e-04   4.26007e-06  -2.19164e-04
 FCN=12.0625 FROM MIGRAD    STATUS=CONVERGED      80 CALLS          81 TOTAL
                     EDM=1.55039e-13    STRATEGY= 1      ERROR MATRIX ACCURATE 
  EXT PARAMETER                                   STEP         FIRST   
  NO.   NAME      VALUE            ERROR          SIZE      DERIVATIVE 
   1  Constant     3.91587e+02   3.95786e+00   6.98462e-03   3.36388e-08
   2  Mean         1.00847e+00   1.15160e-03   2.02609e-06   1.90985e-04
   3  Sigma        1.13520e-01   8.29542e-04   4.27995e-06  -1.96117e-04
 FCN=13.8054 FROM MIGRAD    STATUS=CONVERGED      71 CALLS          72 TOTAL
                     EDM=2.66213e-08    STRATEGY= 1      ERROR MATRIX ACCURATE 
  EXT PARAMETER                                   STEP         FIRST   
  NO.   NAME      VALUE            ERROR          SIZE      DERIVATIVE 
   1  Constant     3.95517e+02   3.97767e+00   7.47323e-03   1.14941e-05
   2  Mean         1.00848e+00   1.14620e-03   2.14695e-06  -2.12548e-03
   3  Sigma        1.13557e-01   8.27117e-04   4.54088e-06  -9.33832e-02
 FCN=0.00142691 FROM MIGRAD    STATUS=CONVERGED      39 CALLS          40 TOTAL
                     EDM=9.95468e-07    STRATEGY= 1      ERROR MATRIX ACCURATE 
  EXT PARAMETER                                   STEP         FIRST   
  NO.   NAME      VALUE            ERROR          SIZE      DERIVATIVE 
   1  Constant     3.99455e-02   3.99744e-02   1.95326e-05  -5.42028e-04
   2  Mean         1.00832e+00   1.13985e-01   5.55191e-05  -1.07071e-03
   3  Sigma        1.13582e-01   8.13915e-02   1.17339e-04   5.79412e-03
 FCN=0.000455574 FROM MIGRAD    STATUS=CONVERGED     100 CALLS         101 TOTAL
                     EDM=1.26307e-08    STRATEGY= 1  ERROR MATRIX UNCERTAINTY   0.1 per cent
  EXT PARAMETER                                   STEP         FIRST   
  NO.   NAME      VALUE            ERROR          SIZE      DERIVATIVE 
   1  Constant     4.29387e-02   5.61614e-02   1.07476e-05   2.55809e-03
   2  Mean         9.16410e-01   1.79831e-02   8.42634e-05   2.01321e-03
   3  Sigma        1.61087e-02   2.45673e-02   3.42629e-04  -1.59399e-04
Gaussian mean = 0.91641
Gaussian width = 0.0161087
PRINTING RESULTS PLOT
array size = 99
 FCN=0.147819 FROM MIGRAD    STATUS=CONVERGED      47 CALLS          48 TOTAL
                     EDM=4.36777e-10    STRATEGY= 1      ERROR MATRIX ACCURATE 
  EXT PARAMETER                                   STEP         FIRST   
  NO.   NAME      VALUE            ERROR          SIZE      DERIVATIVE 
   1  p0           2.88282e-02   4.91427e-04   8.52963e-08   1.78888e-01
   2  p1          -4.97680e-09   6.96669e-08   2.58699e-09   1.25891e+03
CHANNEL = all
SYSTEMATIC = Mass_177 type = 27
  mean        = 0.0288068
  sigma       = 0.000107264
  mean_gauss  = 1.00832
  sigma_gauss = 0.113582
  mean        = -0.0845119
  sigma       = 1.17468e-05
  mean_gauss  = 0.91641
  sigma_gauss = 0.0161087

****************************************
Minimizer is Linear
Chi2                      =      0.25559
NDf                       =            2
p0                        =       2.4039   +/-   8.2549      
p1                        =  -0.00844958   +/-   0.0481827   

****************************************
Minimizer is Linear
Chi2                      =     0.337114
NDf                       =            2
p0                        =     0.781954   +/-   2.95168     
p1                        =   0.00161148   +/-   0.0172284   

****************************************
Minimizer is Linear
Chi2                      =   0.00851633
NDf                       =            2
p0                        =      7.55771   +/-   6.01803     
p1                        =   -0.0378164   +/-   0.0351345   

****************************************
Minimizer is Linear
Chi2                      =     0.349612
NDf                       =            2
p0                        =      2.16737   +/-   2.52116     
p1                        =  -0.00653777   +/-   0.0147148   

****************************************
Minimizer is Linear
Chi2                      =    0.0150116
NDf                       =            2
p0                        =      4.19986   +/-   1.09075     
p1                        =   -0.0183083   +/-   0.00634641  

****************************************
Minimizer is Linear
Chi2                      =     0.550125
NDf                       =            2
p0                        =      4.88595   +/-   0.465441    
p1                        =   -0.0224212   +/-   0.0027072   

****************************************
Minimizer is Linear
Chi2                      =     0.300311
NDf                       =            2
p0                        =      4.52928   +/-   0.658398    
p1                        =   -0.0206293   +/-   0.00382937  

****************************************
Minimizer is Linear
Chi2                      =     0.447142
NDf                       =            2
p0                        =      4.70216   +/-   0.395601    
p1                        =   -0.0214142   +/-   0.0023004   
ee line m   = -0.00844958 c = 2.4039
emu line m  = 0.00161148 c = 0.781954
mumu line m = -0.0378164 c = 7.55771
all line m  = -0.00653777 c = 2.16737
ee line m xsec   = -0.0183083 c = 4.19986
emu line m xsec  = -0.0224212 c = 4.88595
mumu line m xsec = -0.0206293 c = 4.52928
all line m xsec  = -0.0214142 c = 4.70216
ee line m   = -0.00844958 c = 2.4039
emu line m  = 0.00161148 c = 0.781954
mumu line m = -0.0378164 c = 7.55771
all line m  = -0.00653777 c = 2.16737
JWH 
JWH **************************************
JWH * VARIABLE : nominal_sratio ee
JWH * Fsm                        = 0.979972
JWH * ttbar Normalisation        = 1.07511
JWH --------------------------------------------
JWH fsm_ee = 0.979972, ttbar xsec = 1.11632
JWH fsm_emu = 0.977521, ttbar xsec = 1.07138
JWH fsm_mumu = 0.990629, ttbar xsec = 1.07081
JWH fsm_all = 0.978556, ttbar xsec = 1.07511
JWH  
JWH Upwards systematics 
JWH channels_counter = +0
JWH *  Stat            +0.3376
JWH *  $JESUp_0$       -0.0330
JWH *  $JESUp_1$       -0.0345
JWH *  $JESUp_2$       -0.0560
JWH *  $JESUp_3$       -0.0624
JWH *  $JESUp_4$       -0.0251
JWH *  $JESUp_5$       +0.0097
JWH *  $JESUp_6$       -0.0347
JWH *  $JESUp_7$       -0.0298
JWH *  $JESUp_8$       +0.0000
JWH *  $JESUp_9$       -0.0101
JWH *  $JESUp_{10}$    -0.0049
JWH *  $JESUp_{11}$    -0.0220
JWH *  $JESUp_{12}$    -0.0727
JWH *  $JESUp_{13}$    -0.0212
JWH *  $JESUp_{14}$    -0.0094
JWH *  $JESUp_{15}$    -0.0784
JWH *  JVFUp           -0.0515
JWH *  ElSmearUp       -0.0052
JWH *  ElScaleUp       +0.0065
JWH *  MuIDUp          +0.0000
JWH *  MuMSUp          -0.0030
JWH *  metpileupup     -0.0211
JWH *  metsoftup       -0.0355
JWH *  eeSFUp          +0.0016
JWH *  mumuSFUp        +0.0000
JWH *  emuSFUp         +0.0000
JWH *  Template        +0.0000
JWH *  fakes_mushape   +0.1644
JWH *  fakes_normalisation_Up -0.0033
JWH *  fakes_elreal_Up -0.0116
JWH *  fakes_elfake_Up +0.1408
JWH *  Luminosity_Up   +0.0007
JWH *  JER             +0.0296
JWH *  JRE             +0.0151
JWH *  muscale_up      +0.0159
JWH *  ISR_up          +0.0559
JWH *  MuScaleOff      +0.0004
JWH *  singletop_bk    +0.0029
JWH *  ztautau_bk      -0.0012
JWH *  WW_bk           +0.0005
JWH *  WZ_bk           -0.0002
JWH *  ZZ_bk           +0.0002
JWH *  Stat            +0.3376
JWH *  $JESDown_0$     +0.0121
JWH *  $JESDown_1$     -0.0199
JWH *  $JESDown_2$     -0.0275
JWH *  $JESDown_3$     -0.0728
JWH *  $JESDown_4$     -0.0652
JWH *  $JESDown_5$     -0.0051
JWH *  $JESDown_6$     -0.0018
JWH *  $JESDown_7$     -0.0088
JWH *  $JESDown_8$     +0.0000
JWH *  $JESDown_9$     -0.0067
JWH *  $JESDown_{10}$  -0.0500
JWH *  $JESDown_{11}$  -0.0352
JWH *  $JESDown_{12}$  -0.0205
JWH *  $JESDown_{13}$  -0.0103
JWH *  $JESDown_{14}$  -0.0084
JWH *  $JESDown_{15}$  -0.0136
JWH *  JVFDown         -0.0515
JWH *  ElSmearDown     +0.0022
JWH *  ElScaleDown     -0.0449
JWH *  MuIDLow         +0.0000
JWH *  MuMSLow         +0.0005
JWH *  metpileupdown   +0.0089
JWH *  metsoftdown     -0.0154
JWH *  eeSFDown        -0.0058
JWH *  mumuSFDown      +0.0000
JWH *  emuSFDown       +0.0000
JWH *  Template        +0.0000
JWH *  fakes_mushape   +0.1644
JWH *  fakes_normalisation_Down +0.0035
JWH *  fakes_elreal_Down -0.0202
JWH *  fakes_elfake_Down -0.0774
JWH *  Luminosity_Down -0.0008
JWH *  JER             +0.0296
JWH *  JRE             +0.0151
JWH *  muscale_down    +0.0231
JWH *  ISR_up          +0.0559
JWH *  MuScaleOff      +0.0004
JWH *  singletop_bk    -0.0030
JWH *  ztautau_bk      +0.0012
JWH *  WW_bk           -0.0004
JWH *  WZ_bk           +0.0002
JWH *  ZZ_bk           -0.0002
JWH 
JWH Other systematics 
JWH *  POWHEG_PYTHIA   +0.7130
JWH *  POWHEG_HERWIG   +1.0373
JWH *  MCATNLO_AF2     +0.9751
JWH *  ALPGEN          +0.7710
JWH 
JWH --------------------------------------------
JWH * Total Upwards Systematic   = +0.0000
JWH * Total Downwards Systematic = +0.0000
JWH **************************************
JWH 
JWH **************************************
JWH * VARIABLE : nominal_sratio mumu
JWH * Fsm                        = +0.9906
JWH * ttbar Normalisation        = +1.0751
JWH --------------------------------------------
JWH fsm_ee = +0.9800, ttbar xsec = +1.1163
JWH fsm_emu = +0.9775, ttbar xsec = +1.0714
JWH fsm_mumu = +0.9906, ttbar xsec = +1.0708
JWH fsm_all = +0.9786, ttbar xsec = +1.0751
JWH  
JWH Upwards systematics 
JWH channels_counter = +1
JWH *  Stat            +0.2283
JWH *  $JESUp_0$       +0.0080
JWH *  $JESUp_1$       +0.0026
JWH *  $JESUp_2$       -0.0207
JWH *  $JESUp_3$       -0.0065
JWH *  $JESUp_4$       -0.0005
JWH *  $JESUp_5$       -0.0038
JWH *  $JESUp_6$       +0.0131
JWH *  $JESUp_7$       +0.0247
JWH *  $JESUp_8$       -0.0000
JWH *  $JESUp_9$       +0.0004
JWH *  $JESUp_{10}$    -0.0099
JWH *  $JESUp_{11}$    -0.0137
JWH *  $JESUp_{12}$    +0.0137
JWH *  $JESUp_{13}$    +0.0008
JWH *  $JESUp_{14}$    +0.0319
JWH *  $JESUp_{15}$    -0.0232
JWH *  JVFUp           +0.0355
JWH *  ElSmearUp       +0.0000
JWH *  ElScaleUp       -0.0110
JWH *  MuIDUp          -0.0001
JWH *  MuMSUp          -0.0278
JWH *  metpileupup     +0.0277
JWH *  metsoftup       +0.0196
JWH *  eeSFUp          +0.0000
JWH *  mumuSFUp        -0.0001
JWH *  emuSFUp         +0.0000
JWH *  Template        +0.0000
JWH *  fakes_mushape   +0.0039
JWH *  fakes_normalisation_Up +0.0045
JWH *  fakes_elreal_Up -0.0010
JWH *  fakes_elfake_Up -0.0010
JWH *  Luminosity_Up   -0.0003
JWH *  JER             +0.0180
JWH *  JRE             +0.0040
JWH *  muscale_up      +0.0850
JWH *  ISR_up          +0.0721
JWH *  MuScaleOff      +0.0085
JWH *  singletop_bk    -0.0004
JWH *  ztautau_bk      -0.0070
JWH *  WW_bk           +0.0012
JWH *  WZ_bk           -0.0003
JWH *  ZZ_bk           -0.0001
JWH *  Stat            +0.2283
JWH *  $JESDown_0$     +0.0373
JWH *  $JESDown_1$     +0.0171
JWH *  $JESDown_2$     -0.0303
JWH *  $JESDown_3$     -0.0074
JWH *  $JESDown_4$     -0.0048
JWH *  $JESDown_5$     +0.0068
JWH *  $JESDown_6$     +0.0021
JWH *  $JESDown_7$     +0.0310
JWH *  $JESDown_8$     -0.0000
JWH *  $JESDown_9$     +0.0191
JWH *  $JESDown_{10}$  +0.0055
JWH *  $JESDown_{11}$  +0.0121
JWH *  $JESDown_{12}$  +0.0079
JWH *  $JESDown_{13}$  +0.0071
JWH *  $JESDown_{14}$  +0.0347
JWH *  $JESDown_{15}$  +0.0019
JWH *  JVFDown         +0.0355
JWH *  ElSmearDown     +0.0000
JWH *  ElScaleDown     -0.0009
JWH *  MuIDLow         +0.0009
JWH *  MuMSLow         -0.0179
JWH *  metpileupdown   +0.0177
JWH *  metsoftdown     -0.0135
JWH *  eeSFDown        +0.0000
JWH *  mumuSFDown      +0.0015
JWH *  emuSFDown       +0.0000
JWH *  Template        +0.0000
JWH *  fakes_mushape   +0.0039
JWH *  fakes_normalisation_Down -0.0046
JWH *  fakes_elreal_Down -0.0010
JWH *  fakes_elfake_Down -0.0010
JWH *  Luminosity_Down +0.0003
JWH *  JER             +0.0180
JWH *  JRE             +0.0040
JWH *  muscale_down    +0.1879
JWH *  ISR_up          +0.0721
JWH *  MuScaleOff      +0.0085
JWH *  singletop_bk    +0.0004
JWH *  ztautau_bk      +0.0070
JWH *  WW_bk           -0.0011
JWH *  WZ_bk           +0.0003
JWH *  ZZ_bk           +0.0001
JWH 
JWH Other systematics 
JWH *  POWHEG_PYTHIA   +0.9316
JWH *  POWHEG_HERWIG   +1.0768
JWH *  MCATNLO_AF2     +1.0425
JWH *  ALPGEN          +0.7598
JWH 
JWH --------------------------------------------
JWH * Total Upwards Systematic   = +0.0000
JWH * Total Downwards Systematic = +0.0000
JWH **************************************
JWH 
JWH **************************************
JWH * VARIABLE : nominal_sratio emu
JWH * Fsm                        = +0.9775
JWH * ttbar Normalisation        = +1.0751
JWH --------------------------------------------
JWH fsm_ee = +0.9800, ttbar xsec = +1.1163
JWH fsm_emu = +0.9775, ttbar xsec = +1.0714
JWH fsm_mumu = +0.9906, ttbar xsec = +1.0708
JWH fsm_all = +0.9786, ttbar xsec = +1.0751
JWH  
JWH Upwards systematics 
JWH channels_counter = +2
JWH *  Stat            +0.1192
JWH *  $JESUp_0$       +0.0053
JWH *  $JESUp_1$       -0.0021
JWH *  $JESUp_2$       -0.0067
JWH *  $JESUp_3$       -0.0001
JWH *  $JESUp_4$       +0.0023
JWH *  $JESUp_5$       +0.0077
JWH *  $JESUp_6$       -0.0019
JWH *  $JESUp_7$       +0.0109
JWH *  $JESUp_8$       -0.0000
JWH *  $JESUp_9$       +0.0038
JWH *  $JESUp_{10}$    +0.0037
JWH *  $JESUp_{11}$    +0.0039
JWH *  $JESUp_{12}$    +0.0005
JWH *  $JESUp_{13}$    +0.0070
JWH *  $JESUp_{14}$    +0.0151
JWH *  $JESUp_{15}$    -0.0030
JWH *  JVFUp           +0.0876
JWH *  ElSmearUp       +0.0022
JWH *  ElScaleUp       +0.0172
JWH *  MuIDUp          +0.0013
JWH *  MuMSUp          +0.0044
JWH *  metpileupup     +0.0064
JWH *  metsoftup       +0.0084
JWH *  eeSFUp          -0.0000
JWH *  mumuSFUp        -0.0000
JWH *  emuSFUp         +0.0036
JWH *  Template        +0.0000
JWH *  fakes_mushape   +0.0079
JWH *  fakes_normalisation_Up -0.0031
JWH *  fakes_elreal_Up -0.0062
JWH *  fakes_elfake_Up -0.0129
JWH *  Luminosity_Up   -0.0015
JWH *  JER             +0.0036
JWH *  JRE             +0.0088
JWH *  muscale_up      +0.0630
JWH *  ISR_up          +0.0019
JWH *  MuScaleOff      +0.0092
JWH *  singletop_bk    -0.0000
JWH *  ztautau_bk      -0.0077
JWH *  WW_bk           -0.0003
JWH *  WZ_bk           +0.0001
JWH *  ZZ_bk           -0.0000
JWH *  Stat            +0.1192
JWH *  $JESDown_0$     +0.0048
JWH *  $JESDown_1$     +0.0036
JWH *  $JESDown_2$     +0.0074
JWH *  $JESDown_3$     -0.0108
JWH *  $JESDown_4$     -0.0052
JWH *  $JESDown_5$     +0.0091
JWH *  $JESDown_6$     +0.0068
JWH *  $JESDown_7$     +0.0194
JWH *  $JESDown_8$     -0.0000
JWH *  $JESDown_9$     +0.0004
JWH *  $JESDown_{10}$  +0.0024
JWH *  $JESDown_{11}$  +0.0102
JWH *  $JESDown_{12}$  +0.0203
JWH *  $JESDown_{13}$  -0.0034
JWH *  $JESDown_{14}$  +0.0147
JWH *  $JESDown_{15}$  -0.0032
JWH *  JVFDown         +0.0876
JWH *  ElSmearDown     +0.0010
JWH *  ElScaleDown     -0.0026
JWH *  MuIDLow         +0.0008
JWH *  MuMSLow         +0.0018
JWH *  metpileupdown   +0.0069
JWH *  metsoftdown     +0.0012
JWH *  eeSFDown        -0.0000
JWH *  mumuSFDown      -0.0000
JWH *  emuSFDown       +0.0024
JWH *  Template        +0.0000
JWH *  fakes_mushape   +0.0079
JWH *  fakes_normalisation_Down +0.0031
JWH *  fakes_elreal_Down -0.0049
JWH *  fakes_elfake_Down +0.0003
JWH *  Luminosity_Down +0.0016
JWH *  JER             +0.0036
JWH *  JRE             +0.0088
JWH *  muscale_down    +0.1057
JWH *  ISR_up          +0.0019
JWH *  MuScaleOff      +0.0092
JWH *  singletop_bk    +0.0001
JWH *  ztautau_bk      +0.0077
JWH *  WW_bk           +0.0003
JWH *  WZ_bk           -0.0001
JWH *  ZZ_bk           +0.0000
JWH 
JWH Other systematics 
JWH *  POWHEG_PYTHIA   +0.9828
JWH *  POWHEG_HERWIG   +1.0348
JWH *  MCATNLO_AF2     +1.0163
JWH *  ALPGEN          +0.8423
JWH 
JWH --------------------------------------------
JWH * Total Upwards Systematic   = +0.0000
JWH * Total Downwards Systematic = +0.0000
JWH **************************************
JWH 
JWH **************************************
JWH * VARIABLE : nominal_sratio all
JWH * Fsm                        = +0.9786
JWH * ttbar Normalisation        = +1.0751
JWH --------------------------------------------
JWH fsm_ee = +0.9800, ttbar xsec = +1.1163
JWH fsm_emu = +0.9775, ttbar xsec = +1.0714
JWH fsm_mumu = +0.9906, ttbar xsec = +1.0708
JWH fsm_all = +0.9786, ttbar xsec = +1.0751
JWH  
JWH Upwards systematics 
JWH channels_counter = +3
JWH *  Stat            +0.1011
JWH *  $JESUp_0$       +0.0028
JWH *  $JESUp_1$       -0.0043
JWH *  $JESUp_2$       -0.0136
JWH *  $JESUp_3$       -0.0064
JWH *  $JESUp_4$       -0.0006
JWH *  $JESUp_5$       +0.0058
JWH *  $JESUp_6$       -0.0020
JWH *  $JESUp_7$       +0.0099
JWH *  $JESUp_8$       -0.0000
JWH *  $JESUp_9$       +0.0025
JWH *  $JESUp_{10}$    +0.0005
JWH *  $JESUp_{11}$    -0.0022
JWH *  $JESUp_{12}$    -0.0042
JWH *  $JESUp_{13}$    +0.0027
JWH *  $JESUp_{14}$    +0.0158
JWH *  $JESUp_{15}$    -0.0127
JWH *  JVFUp           +0.0644
JWH *  ElSmearUp       +0.0011
JWH *  ElScaleUp       +0.0104
JWH *  MuIDUp          +0.0010
JWH *  MuMSUp          -0.0003
JWH *  metpileupup     +0.0081
JWH *  metsoftup       +0.0069
JWH *  eeSFUp          -0.0020
JWH *  mumuSFUp        +0.0022
JWH *  emuSFUp         +0.0012
JWH *  Template        +0.0000
JWH *  fakes_mushape   +0.0171
JWH *  fakes_normalisation_Up -0.0022
JWH *  fakes_elreal_Up -0.0069
JWH *  fakes_elfake_Up +0.0019
JWH *  Luminosity_Up   -0.0011
JWH *  JER             +0.0032
JWH *  JRE             +0.0058
JWH *  muscale_up      +0.0567
JWH *  ISR_up          +0.0190
JWH *  MuScaleOff      +0.0083
JWH *  singletop_bk    +0.0001
JWH *  ztautau_bk      -0.0070
JWH *  WW_bk           +0.0000
JWH *  WZ_bk           -0.0000
JWH *  ZZ_bk           -0.0000
JWH *  Stat            +0.1011
JWH *  $JESDown_0$     +0.0116
JWH *  $JESDown_1$     +0.0043
JWH *  $JESDown_2$     -0.0025
JWH *  $JESDown_3$     -0.0153
JWH *  $JESDown_4$     -0.0103
JWH *  $JESDown_5$     +0.0076
JWH *  $JESDown_6$     +0.0054
JWH *  $JESDown_7$     +0.0193
JWH *  $JESDown_8$     -0.0000
JWH *  $JESDown_9$     +0.0032
JWH *  $JESDown_{10}$  -0.0013
JWH *  $JESDown_{11}$  +0.0070
JWH *  $JESDown_{12}$  +0.0145
JWH *  $JESDown_{13}$  -0.0017
JWH *  $JESDown_{14}$  +0.0166
JWH *  $JESDown_{15}$  -0.0035
JWH *  JVFDown         +0.0644
JWH *  ElSmearDown     +0.0009
JWH *  ElScaleDown     -0.0057
JWH *  MuIDLow         +0.0008
JWH *  MuMSLow         -0.0019
JWH *  metpileupdown   +0.0088
JWH *  metsoftdown     -0.0034
JWH *  eeSFDown        +0.0020
JWH *  mumuSFDown      -0.0023
JWH *  emuSFDown       +0.0035
JWH *  Template        +0.0000
JWH *  fakes_mushape   +0.0171
JWH *  fakes_normalisation_Down +0.0022
JWH *  fakes_elreal_Down -0.0046
JWH *  fakes_elfake_Down -0.0064
JWH *  Luminosity_Down +0.0012
JWH *  JER             +0.0032
JWH *  JRE             +0.0058
JWH *  muscale_down    +0.1085
JWH *  ISR_up          +0.0190
JWH *  MuScaleOff      +0.0083
JWH *  singletop_bk    -0.0001
JWH *  ztautau_bk      +0.0070
JWH *  WW_bk           -0.0000
JWH *  WZ_bk           +0.0000
JWH *  ZZ_bk           +0.0000
JWH 
JWH Other systematics 
JWH *  POWHEG_PYTHIA   +0.9454
JWH *  POWHEG_HERWIG   +1.0381
JWH *  MCATNLO_AF2     +1.0125
JWH *  ALPGEN          +0.8163
JWH 
JWH --------------------------------------------
JWH * Total Upwards Systematic   = +0.0000
JWH * Total Downwards Systematic = +0.0000
JWH **************************************
\begin{table}[htbp]
\scriptsize
  \begin{center} 
  \begin{tabular}{|c|c|c|c|c|}
  \hline
Systematic                            &  ee channel&  mumu channel&  emu channel&  combinaton\\
  \hline
Data Statistics                       &+0.338              & +0.228              & +0.119              & +0.101             \\
\hline
\textbf{Stat Total}                   &+0.000              & +0.000              & +0.000              & +0.000             \\
\hline
JES (In-situ: NP1)                    &-0.033   / +0.012   & +0.008   / +0.037   & -0.033   / +0.012   & -0.033   / +0.012  \\
JES (In-situ: NP2)                    &-0.034   / -0.020   & +0.003   / +0.017   & -0.034   / -0.020   & -0.034   / -0.020  \\
JES (In-situ: NP3)                    &-0.056   / -0.028   & -0.021   / -0.030   & -0.056   / -0.028   & -0.056   / -0.028  \\
JES (In-situ: NP4)                    &-0.062   / -0.073   & -0.007   / -0.007   & -0.062   / -0.073   & -0.062   / -0.073  \\
JES (In-situ: NP5)                    &-0.025   / -0.065   & -0.001   / -0.005   & -0.025   / -0.065   & -0.025   / -0.065  \\
JES (In-situ: NP6)                    &+0.010   / -0.005   & -0.004   / +0.007   & +0.010   / -0.005   & +0.010   / -0.005  \\
JES (#eta-inter.: stat)               &-0.035   / -0.002   & +0.013   / +0.002   & -0.035   / -0.002   & -0.035   / -0.002  \\
JES (#eta-inter.: MC)                 &-0.030   / -0.009   & +0.025   / +0.031   & -0.030   / -0.009   & -0.030   / -0.009  \\
JES (High pT} extr.)                  &+0.000   / +0.000   & -0.000   / -0.000   & +0.000   / +0.000   & +0.000   / +0.000  \\
JES (Non-closure)                     &-0.010   / -0.007   & +0.000   / +0.019   & -0.010   / -0.007   & -0.010   / -0.007  \\
JES (Pile-up: mu)                     &-0.005   / -0.050   & -0.010   / +0.006   & -0.005   / -0.050   & -0.005   / -0.050  \\
JES (Pile-up: N_{PV}                  &-0.022   / -0.035   & -0.014   / +0.012   & -0.022   / -0.035   & -0.022   / -0.035  \\
JES (Close-by)                        &-0.073   / -0.020   & +0.014   / +0.008   & -0.073   / -0.020   & -0.073   / -0.020  \\
JES (Flavour Comp. - ttbar)           &-0.021   / -0.010   & +0.001   / +0.007   & -0.021   / -0.010   & -0.021   / -0.010  \\
JES (Flavour Comp. Other              &-0.009   / -0.008   & +0.032   / +0.035   & -0.009   / -0.008   & -0.009   / -0.008  \\
JES (BJES)                            &-0.078   / -0.014   & -0.023   / +0.002   & -0.078   / -0.014   & -0.078   / -0.014  \\
\hline
\textbf{JES Total}                    &+0.157   / +0.125   & +0.058   / +0.075   & +0.157   / +0.125   & +0.157   / +0.125  \\
\hline
Jet Reconstruction Efficiency         &+0.015              & +0.004              & +0.009              & +0.006             \\
Jet Energy Resolution                 &+0.030              & +0.018              & +0.004              & +0.003             \\
Jet Vertex Fraction                   &-0.051              & +0.036              & +0.088              & +0.064             \\
\hline
\textbf{Jet Total}                    &+0.061              & +0.040              & +0.088              & +0.065             \\
\hline
Electron Energy Smearing              &-0.005   / +0.002   & +0.000   / +0.000   & +0.002   / +0.001   & +0.001   / +0.001  \\
Electron Energy Scale                 &+0.007   / -0.045   & -0.011   / -0.001   & +0.017   / -0.003   & +0.010   / -0.006  \\
Muon Momentum Scale                   &+0.000              & +0.008              & +0.009              & +0.008             \\
MC Scale Factor                       &+0.002   / -0.006   & -0.000   / +0.001   & +0.004   / +0.002   & +0.004   / +0.006  \\
Muon ID                               &+0.002              & +0.014              & +0.002              & +0.001             \\
\hline
\textbf{Lepton Total}                 &+0.009   / +0.045   & +0.020   / +0.017   & +0.020   / +0.010   & +0.014   / +0.012  \\
\hline
Muon Fake Shape                       &+0.000              & +0.004              & +0.008              & +0.017             \\
Electron eff Real                     &-0.012   / -0.020   & +0.000              & -0.006   / -0.005   & -0.007   / -0.005  \\
Electron eff Fake                     &+0.141   / -0.077   & +0.000              & -0.013   / +0.000   & +0.002   / -0.006  \\
Fake Normalisation                    &-0.003   / +0.004   & +0.005   / -0.005   & -0.003   / +0.003   & -0.002   / +0.002  \\
\hline
\textbf{Fake Total}                   &+0.141   / +0.080   & +0.006   / +0.006   & +0.017   / +0.010   & +0.019   / +0.019  \\
\hline
MET pileup                            &-0.021   / +0.009   & +0.028   / +0.018   & +0.006   / +0.007   & +0.008   / +0.009  \\
MET soft cell out                     &-0.036   / -0.015   & +0.020   / -0.014   & +0.008   / +0.001   & +0.007   / -0.003  \\
\hline
\textbf{MET Total}                    &+0.041   / +0.018   & +0.034   / +0.022   & +0.011   / +0.007   & +0.011   / +0.009  \\
\hline
Single Top normalisation              &+0.003   / -0.003   & -0.000   / +0.000   & -0.000   / +0.000   & +0.000   / -0.000  \\
Diboson normalisation (WW)            &+0.000   / -0.000   & +0.001   / -0.001   & -0.000   / +0.000   & +0.000   / -0.000  \\
Diboson normalisation (WZ)            &-0.000   / +0.000   & -0.000   / +0.000   & +0.000   / -0.000   & -0.000   / +0.000  \\
Diboson normalisation (ZZ)            &+0.000   / -0.000   & -0.000   / +0.000   & -0.000   / +0.000   & -0.000   / +0.000  \\
Ztautau normalisation                 &-0.001   / +0.001   & -0.007   / +0.007   & -0.008   / +0.008   & -0.007   / +0.007  \\
Template Statistics                   &+0.000              & +0.000              & +0.000              & +0.000             \\
Drell-Yan estimate                    &+0.000              & +0.000              & +0.000              & +0.000             \\
\hline
\textbf{Background Total}             &+0.003   / +0.003   & +0.007   / +0.007   & +0.008   / +0.008   & +0.007   / +0.007  \\
\hline
Renorm/Fact scales                    &+0.016   / +0.023   & +0.085   / +0.188   & +0.063   / +0.106   & +0.057   / +0.108  \\
ISR/FSR                               &+0.056   / +0.000   & +0.072   / +0.000   & +0.002   / +0.000   & +0.019   / +0.000  \\
Luminosity                            &+0.001   / -0.001   & -0.000   / +0.000   & -0.002   / +0.002   & -0.001   / +0.001  \\
Parton Shower and Fragmentation       &+0.324              & +0.145              & +0.052              & +0.093             \\
NLO Generator                         &+0.062              & +0.034              & +0.019              & +0.026             \\
Top Mass                              &-0.008              & -0.038              & +0.002              & -0.008             \\
PDF Uncertainty                       &+0.000              & +0.000              & +0.000              & +0.000             \\
\hline
\textbf{Generator Total}              &+0.018   / +0.025   & +0.093   / +0.192   & +0.063   / +0.106   & +0.057   / +0.109  \\
\hline
\hline
Total Systematics                     &+0.225   / +0.169   & +0.124   / +0.212   & +0.193   / +0.186   & +0.181   / +0.179  \\
Statistics                            &+0.000              & +0.000              & +0.000              & +0.000             \\
\hline
  \end{tabular}
  \end{center} 
  \label{tab:fsm_nominal_sratio}
  \caption{This is a test caption}
\end{table}
 
\begin{table}[htbp]
\scriptsize
  \begin{center} 
  \begin{tabular}{|c|c|c|c|c|}
  \hline
\textbf{Stat Total}                   &+0.000              & +0.000              & +0.000              & +0.000             \\
\textbf{JES Total}                    &+0.157   / +0.125   & +0.058   / +0.075   & +0.157   / +0.125   & +0.157   / +0.125  \\
\textbf{Jet Total}                    &+0.061              & +0.040              & +0.088              & +0.065             \\
\textbf{Lepton Total}                 &+0.009   / +0.045   & +0.020   / +0.017   & +0.020   / +0.010   & +0.014   / +0.012  \\
\textbf{Fake Total}                   &+0.141   / +0.080   & +0.006   / +0.006   & +0.017   / +0.010   & +0.019   / +0.019  \\
\textbf{MET Total}                    &+0.041   / +0.018   & +0.034   / +0.022   & +0.011   / +0.007   & +0.011   / +0.009  \\
\textbf{Background Total}             &+0.003   / +0.003   & +0.007   / +0.007   & +0.008   / +0.008   & +0.007   / +0.007  \\
\textbf{Generator Total}              &+0.018   / +0.025   & +0.093   / +0.192   & +0.063   / +0.106   & +0.057   / +0.109  \\
  \hline
  \hline
Total Systematics                     &+0.225   / +0.169   & +0.124   / +0.212   & +0.193   / +0.186   & +0.181   / +0.179  \\
Statistics                            &+0.000              & +0.000              & +0.000              & +0.000             \\
  \hline
  \end{tabular}
  \end{center} 
  \label{tab:fsm_nominal_sratio}
  \caption{This is a test caption}
\end{table}
\begin{table}[htbp]
\scriptsize
  \begin{center} 
  \begin{tabular}{|c|c|c|c|c|}
  \hline
Systematic                            &  ee channel&  mumu channel&  emu channel&  combinaton\\
  \hline
Data Statistics                       &+0.048              & +0.029              & +0.020              & +0.018             \\
\hline
\textbf{Stat Total}                   &+0.000              & +0.000              & +0.000              & +0.000             \\
\hline
JES (In-situ: NP1)                    &+0.002   / -0.004   & +0.002   / -0.003   & +0.002   / -0.004   & +0.002   / -0.004  \\
JES (In-situ: NP2)                    &+0.008   / -0.012   & +0.005   / -0.009   & +0.008   / -0.012   & +0.008   / -0.012  \\
JES (In-situ: NP3)                    &+0.001   / -0.001   & +0.000   / -0.002   & +0.001   / -0.001   & +0.001   / -0.001  \\
JES (In-situ: NP4)                    &-0.002   / -0.003   & +0.000   / -0.000   & -0.002   / -0.003   & -0.002   / -0.003  \\
JES (In-situ: NP5)                    &-0.001   / -0.003   & -0.000   / -0.000   & -0.001   / -0.003   & -0.001   / -0.003  \\
JES (In-situ: NP6)                    &+0.001   / -0.001   & -0.000   / -0.002   & +0.001   / -0.001   & +0.001   / -0.001  \\
JES (#eta-inter.: stat)               &+0.001   / -0.001   & +0.001   / -0.002   & +0.001   / -0.001   & +0.001   / -0.001  \\
JES (#eta-inter.: MC)                 &+0.002   / -0.006   & +0.004   / -0.003   & +0.002   / -0.006   & +0.002   / -0.006  \\
JES (High pT} extr.)                  &-0.000   / -0.000   & -0.000   / -0.000   & -0.000   / -0.000   & -0.000   / -0.000  \\
JES (Non-closure)                     &+0.001   / +0.001   & -0.000   / +0.001   & +0.001   / +0.001   & +0.001   / +0.001  \\
JES (Pile-up: mu)                     &-0.001   / -0.002   & -0.001   / +0.000   & -0.001   / -0.002   & -0.001   / -0.002  \\
JES (Pile-up: N_{PV}                  &+0.005   / -0.012   & +0.001   / -0.008   & +0.005   / -0.012   & +0.005   / -0.012  \\
JES (Close-by)                        &+0.005   / -0.011   & +0.002   / -0.006   & +0.005   / -0.011   & +0.005   / -0.011  \\
JES (Flavour Comp. - ttbar)           &+0.004   / -0.008   & -0.002   / -0.004   & +0.004   / -0.008   & +0.004   / -0.008  \\
JES (Flavour Comp. Other              &+0.002   / -0.006   & -0.000   / -0.002   & +0.002   / -0.006   & +0.002   / -0.006  \\
JES (BJES)                            &+0.003   / -0.008   & +0.006   / -0.008   & +0.003   / -0.008   & +0.003   / -0.008  \\
\hline
\textbf{JES Total}                    &+0.013   / +0.026   & +0.010   / +0.017   & +0.013   / +0.026   & +0.013   / +0.026  \\
\hline
Jet Reconstruction Efficiency         &+0.022              & +0.025              & +0.024              & +0.024             \\
Jet Energy Resolution                 &+0.003              & +0.005              & +0.004              & +0.003             \\
Jet Vertex Fraction                   &-0.080              & -0.095              & -0.088              & -0.089             \\
\hline
\textbf{Jet Total}                    &+0.083              & +0.099              & +0.091              & +0.092             \\
\hline
Electron Energy Smearing              &+0.001   / -0.000   & +0.000   / -0.000   & +0.000   / -0.000   & +0.000   / -0.000  \\
Electron Energy Scale                 &+0.008   / -0.007   & -0.000   / +0.000   & +0.001   / -0.002   & +0.001   / -0.002  \\
Muon Momentum Scale                   &+0.000              & +0.003              & +0.001              & +0.002             \\
MC Scale Factor                       &+0.046   / -0.053   & +0.024   / -0.028   & +0.033   / -0.039   & +0.000             \\
Muon ID                               &+0.001              & +0.001              & +0.001              & +0.001             \\
\hline
\textbf{Lepton Total}                 &+0.046   / +0.054   & +0.024   / +0.028   & +0.033   / +0.039   & +0.002   / +0.002  \\
\hline
Muon Fake Shape                       &+0.000              & +0.005              & +0.018              & +0.003             \\
Electron eff Real                     &+0.017   / -0.008   & +0.000              & +0.011   / -0.009   & +0.009   / -0.006  \\
Electron eff Fake                     &+0.028   / -0.004   & +0.000              & +0.010   / -0.004   & +0.009   / -0.003  \\
Fake Normalisation                    &+0.010   / -0.010   & +0.004   / -0.004   & +0.007   / -0.007   & +0.007   / -0.007  \\
\hline
\textbf{Fake Total}                   &+0.034   / +0.013   & +0.006   / +0.006   & +0.024   / +0.022   & +0.015   / +0.010  \\
\hline
MET pileup                            &+0.000   / -0.001   & +0.002   / -0.002   & +0.000   / -0.000   & +0.001   / -0.001  \\
MET soft cell out                     &+0.001   / -0.005   & +0.004   / -0.004   & +0.001   / -0.000   & +0.002   / -0.002  \\
\hline
\textbf{MET Total}                    &+0.001   / +0.005   & +0.005   / +0.004   & +0.001   / +0.000   & +0.002   / +0.002  \\
\hline
Single Top normalisation              &+0.002   / -0.002   & +0.002   / -0.002   & +0.003   / -0.003   & +0.003   / -0.003  \\
Diboson normalisation (WW)            &+0.003   / -0.002   & +0.003   / -0.003   & +0.003   / -0.003   & +0.003   / -0.003  \\
Diboson normalisation (WZ)            &+0.000   / -0.000   & +0.000   / -0.000   & +0.000   / -0.000   & +0.000   / -0.000  \\
Diboson normalisation (ZZ)            &+0.000   / -0.000   & +0.000   / -0.000   & +0.000   / -0.000   & +0.000   / -0.000  \\
Ztautau normalisation                 &+0.002   / -0.002   & +0.002   / -0.002   & +0.003   / -0.003   & +0.003   / -0.003  \\
Template Statistics                   &+0.000              & +0.000              & +0.000              & +0.000             \\
Drell-Yan estimate                    &+0.000              & +0.000              & +0.000              & +0.000             \\
\hline
\textbf{Background Total}             &+0.004   / +0.004   & +0.004   / +0.004   & +0.005   / +0.005   & +0.005   / +0.005  \\
\hline
Renorm/Fact scales                    &+0.070   / +0.054   & -0.011   / -0.004   & +0.039   / +0.035   & +0.029   / +0.027  \\
ISR/FSR                               &+0.149   / +0.000   & +0.074   / +0.000   & +0.085   / +0.000   & +0.088   / +0.000  \\
Luminosity                            &+0.020   / -0.020   & +0.020   / -0.020   & +0.020   / -0.020   & +0.020   / -0.020  \\
Parton Shower and Fragmentation       &+0.014              & +0.014              & +0.018              & +0.027             \\
NLO Generator                         &+0.032              & +0.011              & +0.030              & +0.034             \\
Top Mass                              &-0.008              & -0.038              & +0.002              & -0.008             \\
PDF Uncertainty                       &+0.000              & +0.000              & +0.000              & +0.000             \\
\hline
\textbf{Generator Total}              &+0.073   / +0.058   & +0.044   / +0.043   & +0.044   / +0.040   & +0.036   / +0.034  \\
\hline
\hline
Total Systematics                     &+0.126   / +0.119   & +0.112   / +0.113   & +0.111   / +0.113   & +0.101   / +0.102  \\
Statistics                            &+0.000              & +0.000              & +0.000              & +0.000             \\
\hline
  \end{tabular}
  \end{center} 
  \label{tab:xsec_nominal_sratio}
  \caption{This is a test caption}
\end{table}
 
\begin{table}[htbp]
\scriptsize
  \begin{center} 
  \begin{tabular}{|c|c|c|c|c|}
  \hline
\textbf{Stat Total}                   &+0.000              & +0.000              & +0.000              & +0.000             \\
\textbf{JES Total}                    &+0.013   / +0.026   & +0.010   / +0.017   & +0.013   / +0.026   & +0.013   / +0.026  \\
\textbf{Jet Total}                    &+0.083              & +0.099              & +0.091              & +0.092             \\
\textbf{Lepton Total}                 &+0.046   / +0.054   & +0.024   / +0.028   & +0.033   / +0.039   & +0.002   / +0.002  \\
\textbf{Fake Total}                   &+0.034   / +0.013   & +0.006   / +0.006   & +0.024   / +0.022   & +0.015   / +0.010  \\
\textbf{MET Total}                    &+0.001   / +0.005   & +0.005   / +0.004   & +0.001   / +0.000   & +0.002   / +0.002  \\
\textbf{Background Total}             &+0.004   / +0.004   & +0.004   / +0.004   & +0.005   / +0.005   & +0.005   / +0.005  \\
\textbf{Generator Total}              &+0.073   / +0.058   & +0.044   / +0.043   & +0.044   / +0.040   & +0.036   / +0.034  \\
  \hline
  \hline
Total Systematics                     &+0.126   / +0.119   & +0.112   / +0.113   & +0.111   / +0.113   & +0.101   / +0.102  \\
Statistics                            &+0.000              & +0.000              & +0.000              & +0.000             \\
  \hline
  \end{tabular}
  \end{center} 
  \label{tab:xsec_nominal_sratio}
  \caption{This is a test caption}
\end{table}
JWH\begin{table}[htbp]
JWH  \begin{center}
JWH  \begin{tabular}{|c|c|c|c|c|}
JWH  \hline
JWH  JWH \textbf{nominal_sratio}           &  ee &mumu &emu&all\\
JWH  \hline
JWH  $JESUp_0$                             &  -0.033   / +0.012   & +0.008   / +0.037   & +0.005   / +0.005   & +0.003   / +0.012   \\
JWH  $JESUp_1$                             &  -0.034   / -0.020   & +0.003   / +0.017   & -0.002   / +0.004   & -0.004   / +0.004   \\
JWH  $JESUp_2$                             &  -0.056   / -0.028   & -0.021   / -0.030   & -0.007   / +0.007   & -0.014   / -0.002   \\
JWH  $JESUp_3$                             &  -0.062   / -0.073   & -0.007   / -0.007   & -0.000   / -0.011   & -0.006   / -0.015   \\
JWH  $JESUp_4$                             &  -0.025   / -0.065   & -0.001   / -0.005   & +0.002   / -0.005   & -0.001   / -0.010   \\
JWH  $JESUp_5$                             &  +0.010   / -0.005   & -0.004   / +0.007   & +0.008   / +0.009   & +0.006   / +0.008   \\
JWH  $JESUp_6$                             &  -0.035   / -0.002   & +0.013   / +0.002   & -0.002   / +0.007   & -0.002   / +0.005   \\
JWH  $JESUp_7$                             &  -0.030   / -0.009   & +0.025   / +0.031   & +0.011   / +0.019   & +0.010   / +0.019   \\
JWH  $JESUp_8$                             &  +0.000   / +0.000   & -0.000   / -0.000   & -0.000   / -0.000   & -0.000   / -0.000   \\
JWH  $JESUp_9$                             &  -0.010   / -0.007   & +0.000   / +0.019   & +0.004   / +0.000   & +0.003   / +0.003   \\
JWH  $JESUp_{10}$                          &  -0.005   / -0.050   & -0.010   / +0.006   & +0.004   / +0.002   & +0.000   / -0.001   \\
JWH  $JESUp_{11}$                          &  -0.022   / -0.035   & -0.014   / +0.012   & +0.004   / +0.010   & -0.002   / +0.007   \\
JWH  $JESUp_{12}$                          &  -0.073   / -0.020   & +0.014   / +0.008   & +0.000   / +0.020   & -0.004   / +0.014   \\
JWH  $JESUp_{13}$                          &  -0.021   / -0.010   & +0.001   / +0.007   & +0.007   / -0.003   & +0.003   / -0.002   \\
JWH  $JESUp_{14}$                          &  -0.009   / -0.008   & +0.032   / +0.035   & +0.015   / +0.015   & +0.016   / +0.017   \\
JWH  $JESUp_{15}$                          &  -0.078   / -0.014   & -0.023   / +0.002   & -0.003   / -0.003   & -0.013   / -0.003   \\
JWH  \hline
JWH  JES Total                             &  +0.157   / -0.125   & +0.058   / -0.075   & +0.024   / -0.039   & +0.029   / -0.039   \\
JWH  Jet Vertex Fraction                   &  -0.051   / -0.051   & +0.036   / +0.036   & +0.088   / +0.088   & +0.064   / +0.064   \\
JWH  Jet Energy Resolution                 &  +0.030   / +0.030   & +0.018   / +0.018   & +0.004   / +0.004   & +0.003   / +0.003   \\
JWH  Jet Reconstruction Eff                &  +0.015   / +0.015   & +0.004   / +0.004   & +0.009   / +0.009   & +0.006   / +0.006   \\
JWH  \hline
JWH  \textbf{JET Total}                    &  +0.169   / -0.139   & +0.070   / -0.085   & +0.091   / -0.096   & +0.071   / -0.076   \\
JWH  \hline
JWH  Electron Energy Smearing              &  -0.005   / +0.002   & +0.000   / +0.000   & +0.002   / +0.001   & +0.001   / +0.001   \\
JWH  Electron Energy Scale                 &  +0.007   / -0.045   & -0.011   / -0.001   & +0.017   / -0.003   & +0.010   / -0.006   \\
JWH  Scale Factor (ee)                     &  +0.002   / -0.006   & +0.000   / +0.000   & +0.000   / +0.000   & -0.002   / +0.002   \\
JWH  Scale Factor (mumu)                   &  +0.000   / +0.000   & -0.000   / +0.001   & +0.000   / +0.000   & +0.002   / -0.002   \\
JWH  Scale Factor (emu)                    &  +0.000   / +0.000   & +0.000   / +0.000   & +0.004   / +0.002   & +0.001   / +0.004   \\
JWH  Muon Momentum Scale offset            &  +0.000   / +0.000   & +0.008   / +0.008   & +0.009   / +0.009   & +0.008   / +0.008   \\
JWH  Muon Momentum Smearing                &  +0.002   / +0.002   & +0.014   / +0.014   & +0.002   / +0.002   & +0.001   / +0.001   \\
JWH  \hline
JWH  \textbf{LEPTON Total}                 &  +0.009   / -0.045   & +0.020   / -0.017   & +0.020   / -0.010   & +0.014   / -0.011   \\
JWH  \hline
JWH  Muon Fake Shape                       &  +0.000   / +0.000   & +0.004   / +0.004   & +0.008   / +0.008   & +0.017   / +0.017   \\
JWH  Fake Normalisation                    &  -0.003   / +0.004   & +0.005   / -0.005   & -0.003   / +0.003   & -0.002   / +0.002   \\
JWH  Electron eff Real                     &  -0.012   / -0.020   & +0.000   / +0.000   & -0.006   / -0.005   & -0.007   / -0.005   \\
JWH  Electron eff Fake                     &  +0.141   / -0.077   & +0.000   / +0.000   & -0.013   / +0.000   & +0.002   / -0.006   \\
JWH  \hline
JWH  \textbf{Fake Total}                   &  +0.141   / -0.080   & +0.006   / -0.006   & +0.017   / -0.010   & +0.019   / -0.019   \\
JWH  \hline
JWH  MET pileup                            &  -0.021   / +0.009   & +0.028   / +0.018   & +0.006   / +0.007   & +0.008   / +0.009   \\
JWH  MET soft cell out                     &  -0.036   / -0.015   & +0.020   / -0.014   & +0.008   / +0.001   & +0.007   / -0.003   \\
JWH  \hline
JWH  \textbf{MET Total}                    &  +0.041   / -0.018   & +0.034   / -0.022   & +0.011   / -0.007   & +0.011   / -0.009   \\
JWH  \hline
JWH  Single Top normalisation              &  +0.003   / -0.003   & -0.000   / +0.000   & -0.000   / +0.000   & +0.000   / -0.000   \\
JWH  Ztautau normalisation                 &  -0.001   / +0.001   & -0.007   / +0.007   & -0.008   / +0.008   & -0.007   / +0.007   \\
JWH  Diboson normalisation (WW)            &  +0.000   / -0.000   & +0.001   / -0.001   & -0.000   / +0.000   & +0.000   / -0.000   \\
JWH  Diboson normalisation (WZ)            &  -0.000   / +0.000   & -0.000   / +0.000   & +0.000   / -0.000   & -0.000   / +0.000   \\
JWH  Diboson normalisation (ZZ)            &  +0.000   / -0.000   & -0.000   / +0.000   & -0.000   / +0.000   & -0.000   / +0.000   \\
JWH  \hline
JWH  \textbf{MC Background Total}          &  +0.003   / -0.003   & +0.007   / -0.007   & +0.008   / -0.008   & +0.007   / -0.007   \\
JWH  \hline
JWH  Template Statistics                   &  +0.000   / +0.000   & +0.000   / +0.000   & +0.000   / +0.000   & +0.000   / +0.000   \\
JWH  Luminosity                            &  +0.001   / -0.001   & -0.000   / +0.000   & -0.002   / +0.002   & -0.001   / +0.001   \\
JWH  Renorm/Fact scales                    &  +0.016   / +0.023   & +0.085   / +0.188   & +0.063   / +0.106   & +0.057   / +0.108   \\
JWH  ISR/FSR                               &  +0.056   / +0.324   & +0.072   / +0.145   & +0.002   / +0.052   & +0.019   / +0.093   \\
JWH  PS and Fragmentation                  &  +0.324   / +0.062   & +0.145   / +0.034   & +0.052   / +0.019   & +0.093   / +0.026   \\
JWH  NLO Generator                         &  +0.062   / +0.000   & +0.034   / +0.000   & +0.019   / +0.000   & +0.026   / +0.000   \\
JWH  \hline
JWH  \textbf{Generator Total}              &  +0.335   / -0.331   & +0.186   / -0.240   & +0.084   / -0.119   & +0.113   / -0.145   \\
JWH  \hline
JWH  \hline
JWH  \textbf{Total Uncertainty (syst)}     &  +0.401   / -0.371   & +0.200   / -0.255   & +0.127   / -0.154   & +0.136   / -0.165   \\
JWH  \textbf{Total Uncertainty (stat)}     &  +0.338   / -0.338   & +0.228   / -0.228   & +0.119   / -0.119   & +0.101   / -0.101   \\
JWH  \hline
JWH  \end{tabular} 
JWH 
JWH  \end{center}
JWH\end{table}
JWH 
JWH fsm_ee = +0.980, ttbar xsec = +1.116
JWH fsm_mumu = +0.991, ttbar xsec = +1.071
JWH fsm_emu = +0.978, ttbar xsec = +1.071
JWH fsm_all = +0.979, ttbar xsec = +1.075
 
dil_nominal_sratio_ee	 =["nominal_sratio #bf{ee}", +0.980, +0.338, +0.401, +0.371]
dil_nominal_sratio_mumu	 =["nominal_sratio #bf{#mu#mu}", +0.991, +0.228, +0.200, +0.255]
dil_nominal_sratio_emu	 =["nominal_sratio #bf{e#mu}", +0.978, +0.119, +0.127, +0.154]
dil_nominal_sratio_all	 =["nominal_sratio #bf{all}", +0.979, +0.101, +0.136, +0.165]
JWH 
JWHBeginning LaTeX output 
JWH 
JWH\begin{table}[htbp]
JWH  \begin{center}
JWH  \begin{tabular}{|c|c|c|c|c|}
JWH  \hline
JWH  JWH \textbf{nominal_sratio}           &  ee &mumu &emu&all\\
JWH  \hline
JWH  \hline
JWH  \textbf{LEPTON Total}                 &  +0.009   / -0.045   & +0.020   / -0.017   & +0.020   / -0.010   & +0.014   / -0.011   \\
JWH  \hline
JWH  \textbf{JET Total}                    &  +0.169   / -0.139   & +0.070   / -0.085   & +0.091   / -0.096   & +0.071   / -0.076   \\
JWH  \hline
JWH  \textbf{MET Total}                    &  +0.041   / -0.018   & +0.034   / -0.022   & +0.011   / -0.007   & +0.011   / -0.009   \\
JWH  \hline
JWH  \textbf{Background Total}             &  +0.141   / -0.080   & +0.009   / -0.009   & +0.018   / -0.013   & +0.020   / -0.020   \\
JWH  \hline
JWH  \textbf{Generator Total}              &  +0.335   / -0.331   & +0.186   / -0.240   & +0.084   / -0.119   & +0.113   / -0.145   \\
JWH  \hline
JWH  \hline
JWH  \textbf{Total Uncertainty (syst)}     &  +0.401   / -0.371   & +0.200   / -0.255   & +0.127   / -0.154   & +0.136   / -0.165   \\
JWH  \textbf{Total Uncertainty (stat)}     &  +0.338   / -0.338   & +0.228   / -0.228   & +0.119   / -0.119   & +0.101   / -0.101   \\
JWH  \hline
JWH  \end{tabular} 
JWH 
JWH  \end{center}
JWH\end{table}
